2025-09-07T22:02:30.4852951-03:00 [Wander] AgentA New target: (294.48444, 302.8648)
2025-09-07T22:02:30.5385841-03:00 [Wander] AgentA pos=(204.5098, 204.9098) dist=133,00609
2025-09-07T22:02:30.5394277-03:00 [Wander] AgentA pos=(209.01959, 209.81961) dist=126,33942
2025-09-07T22:02:30.5399342-03:00 [Wander] AgentA pos=(213.52939, 214.72942) dist=119,672745
2025-09-07T22:02:30.5403937-03:00 [Wander] AgentA pos=(218.03918, 219.63922) dist=113,00608
2025-09-07T22:02:30.5409093-03:00 [Wander] AgentA pos=(222.54898, 224.54903) dist=106,33942
2025-09-07T22:02:30.5414098-03:00 [Wander] AgentA pos=(227.05878, 229.45883) dist=99,672745
2025-09-07T22:02:30.5510950-03:00 [Wander] AgentA pos=(231.56857, 234.36864) dist=93,00608
2025-09-07T22:02:30.5744785-03:00 [Wander] AgentA pos=(236.07837, 239.27844) dist=86,33941
2025-09-07T22:02:30.5930513-03:00 [Wander] AgentA pos=(240.58817, 244.18825) dist=79,67275
2025-09-07T22:02:30.6067718-03:00 [Wander] AgentA pos=(245.09798, 249.09804) dist=73,00608
2025-09-07T22:02:30.6229813-03:00 [Wander] AgentA pos=(249.60779, 254.00784) dist=66,3394
2025-09-07T22:02:30.6390825-03:00 [Wander] AgentA pos=(254.11758, 258.91763) dist=59,67275
2025-09-07T22:02:30.6557195-03:00 [Wander] AgentA pos=(258.62738, 263.82742) dist=53,006092
2025-09-07T22:02:30.6725176-03:00 [Wander] AgentA pos=(263.13718, 268.7372) dist=46,339436
2025-09-07T22:02:30.6889944-03:00 [Wander] AgentA pos=(267.64697, 273.647) dist=39,67278
2025-09-07T22:02:30.7101887-03:00 [Wander] AgentA pos=(272.15677, 278.5568) dist=33,006126
2025-09-07T22:02:30.7243337-03:00 [Wander] AgentA pos=(276.66656, 283.46658) dist=26,339468
2025-09-07T22:02:30.7431573-03:00 [Wander] AgentA pos=(281.17636, 288.37637) dist=19,672813
2025-09-07T22:02:30.7571691-03:00 [Wander] AgentA pos=(285.68616, 293.28616) dist=13,006157
2025-09-07T22:02:30.7734675-03:00 [Wander] AgentA pos=(290.19595, 298.19595) dist=6,3395014
2025-09-07T22:02:30.8073536-03:00 [Wander] AgentA New target: (1027.8372, 387.22208)
2025-09-07T22:02:30.8235646-03:00 [Wander] AgentA pos=(296.8146, 298.99475) dist=736,3274
2025-09-07T22:02:30.8402067-03:00 [Wander] AgentA pos=(303.43326, 299.79355) dist=729,66077
2025-09-07T22:02:30.8601173-03:00 [Wander] AgentA pos=(310.05188, 300.59235) dist=722,9941
2025-09-07T22:02:30.8769491-03:00 [Wander] AgentA pos=(316.67053, 301.39114) dist=716,3274
2025-09-07T22:02:30.8910281-03:00 [Wander] AgentA pos=(323.28918, 302.18994) dist=709,6607
2025-09-07T22:02:30.9061084-03:00 [Wander] AgentA pos=(329.90784, 302.98874) dist=702,994
2025-09-07T22:02:30.9241334-03:00 [Wander] AgentA pos=(336.5265, 303.78754) dist=696,32733
2025-09-07T22:02:30.9402751-03:00 [Wander] AgentA pos=(343.14514, 304.58633) dist=689,66064
2025-09-07T22:02:30.9571607-03:00 [Wander] AgentA pos=(349.7638, 305.38513) dist=682,99396
2025-09-07T22:02:30.9728859-03:00 [Wander] AgentA pos=(356.38245, 306.18393) dist=676,32733
2025-09-07T22:02:30.9904101-03:00 [Wander] AgentA pos=(363.00107, 306.98273) dist=669,66064
2025-09-07T22:02:31.0097562-03:00 [Wander] AgentA pos=(369.6197, 307.78152) dist=662,994
2025-09-07T22:02:31.0268286-03:00 [Wander] AgentA pos=(376.2383, 308.58032) dist=656,3274
2025-09-07T22:02:31.0407756-03:00 [Wander] AgentA pos=(382.85693, 309.37912) dist=649,6607
2025-09-07T22:02:31.0603634-03:00 [Wander] AgentA pos=(389.4756, 310.17792) dist=642,994
2025-09-07T22:02:31.0773511-03:00 [Wander] AgentA pos=(396.09424, 310.9767) dist=636,32733
2025-09-07T22:02:31.0902113-03:00 [Wander] AgentA pos=(402.7129, 311.7755) dist=629,66064
2025-09-07T22:02:31.1103657-03:00 [Wander] AgentA pos=(409.33154, 312.5743) dist=622,99396
2025-09-07T22:02:31.1240051-03:00 [Wander] AgentA pos=(415.9502, 313.3731) dist=616,3273
2025-09-07T22:02:31.1439017-03:00 [Wander] AgentA pos=(422.56885, 314.1719) dist=609,6606
2025-09-07T22:02:31.1608765-03:00 [Wander] AgentA pos=(429.1875, 314.9707) dist=602,9939
2025-09-07T22:02:31.1748884-03:00 [Wander] AgentA pos=(435.80615, 315.7695) dist=596,3273
2025-09-07T22:02:31.1904577-03:00 [Wander] AgentA pos=(442.42477, 316.5683) dist=589,6606
2025-09-07T22:02:31.2076628-03:00 [Wander] AgentA pos=(449.0434, 317.3671) dist=582,99396
2025-09-07T22:02:31.2242636-03:00 [Wander] AgentA pos=(455.66202, 318.1659) dist=576,32733
2025-09-07T22:02:31.2400666-03:00 [Wander] AgentA pos=(462.28064, 318.9647) dist=569,66064
2025-09-07T22:02:31.2571634-03:00 [Wander] AgentA pos=(468.89926, 319.7635) dist=562,99396
2025-09-07T22:02:31.2736174-03:00 [Wander] AgentA pos=(475.51788, 320.5623) dist=556,32733
2025-09-07T22:02:31.2941746-03:00 [Wander] AgentA pos=(482.13654, 321.36108) dist=549,66064
2025-09-07T22:02:31.3105134-03:00 [Wander] AgentA pos=(488.7552, 322.15988) dist=542,99396
2025-09-07T22:02:31.3236761-03:00 [Wander] AgentA pos=(495.37384, 322.95868) dist=536,3273
2025-09-07T22:02:31.3282755-03:00 [GameController] Spawned pickup (special=False) at (1198.6815, 560.39624)
2025-09-07T22:02:31.3299052-03:00 [GameController] Spawned pickup (special=False) at (380.5978, 559.98486)
2025-09-07T22:02:31.3440892-03:00 [Wander] AgentA pos=(501.9925, 323.75748) dist=529,66064
2025-09-07T22:02:31.3604980-03:00 [Wander] AgentA pos=(508.6111, 324.55627) dist=522,994
2025-09-07T22:02:31.3612180-03:00 [SeekPickup] AgentA -> target at (380.5978, 559.98486)
2025-09-07T22:02:31.3740479-03:00 [Wander] AgentA pos=(515.22974, 325.35507) dist=516,32733
2025-09-07T22:02:31.3746222-03:00 [SeekPickup] AgentA pos=(511.91177, 331.13742) dist=263,8456
2025-09-07T22:02:31.3897174-03:00 [Wander] AgentA pos=(518.53937, 331.85788) dist=512,2982
2025-09-07T22:02:31.3902007-03:00 [SeekPickup] AgentA pos=(515.08984, 337.5627) dist=259,92252
2025-09-07T22:02:31.4072675-03:00 [Wander] AgentA pos=(521.72546, 338.20538) dist=508,47977
2025-09-07T22:02:31.4077013-03:00 [SeekPickup] AgentA pos=(518.14636, 343.82983) dist=256,20813
2025-09-07T22:02:31.4228859-03:00 [Wander] AgentA pos=(524.789, 344.39536) dist=504,8679
2025-09-07T22:02:31.4233639-03:00 [SeekPickup] AgentA pos=(521.0827, 349.93683) dist=252,6978
2025-09-07T22:02:31.4399863-03:00 [Wander] AgentA pos=(527.7314, 350.42603) dist=501,4576
2025-09-07T22:02:31.4405277-03:00 [SeekPickup] AgentA pos=(523.9006, 355.88214) dist=249,38644
2025-09-07T22:02:31.4564123-03:00 [Wander] AgentA pos=(530.5544, 356.29593) dist=498,2435
2025-09-07T22:02:31.4568946-03:00 [SeekPickup] AgentA pos=(526.6019, 361.6646) dist=246,2684
2025-09-07T22:02:31.4741160-03:00 [Wander] AgentA pos=(533.25995, 362.0041) dist=495,21973
2025-09-07T22:02:31.4746985-03:00 [SeekPickup] AgentA pos=(529.189, 367.28348) dist=243,33757
2025-09-07T22:02:31.4933436-03:00 [Wander] AgentA pos=(535.85034, 367.54984) dist=492,37997
2025-09-07T22:02:31.4938184-03:00 [SeekPickup] AgentA pos=(531.6643, 372.73843) dist=240,58743
2025-09-07T22:02:31.5104130-03:00 [Wander] AgentA pos=(538.3281, 372.93295) dist=489,71753
2025-09-07T22:02:31.5108727-03:00 [SeekPickup] AgentA pos=(534.0305, 378.0295) dist=238,01123
2025-09-07T22:02:31.5239449-03:00 [Wander] AgentA pos=(540.69604, 378.1536) dist=487,22552
2025-09-07T22:02:31.5243981-03:00 [SeekPickup] AgentA pos=(536.2905, 383.15717) dist=235,6019
2025-09-07T22:02:31.5429655-03:00 [Wander] AgentA pos=(542.957, 383.21228) dist=484,89676
2025-09-07T22:02:31.5434138-03:00 [SeekPickup] AgentA pos=(538.4473, 388.12225) dist=233,35216
2025-09-07T22:02:31.5603824-03:00 [Wander] AgentA pos=(545.11395, 388.11) dist=482,724
2025-09-07T22:02:31.5608066-03:00 [SeekPickup] AgentA pos=(540.50415, 392.926) dist=231,25462
2025-09-07T22:02:31.5737136-03:00 [Wander] AgentA pos=(547.17035, 392.84796) dist=480,69974
2025-09-07T22:02:31.5742388-03:00 [SeekPickup] AgentA pos=(542.4643, 397.56998) dist=229,30188
2025-09-07T22:02:31.5903353-03:00 [Wander] AgentA pos=(549.12946, 397.4279) dist=478,81647
2025-09-07T22:02:31.5908174-03:00 [SeekPickup] AgentA pos=(544.3311, 402.05612) dist=227,48645
2025-09-07T22:02:31.6070052-03:00 [Wander] AgentA pos=(550.9946, 401.85168) dist=477,0669
2025-09-07T22:02:31.6074683-03:00 [SeekPickup] AgentA pos=(546.10803, 406.3866) dist=225,80093
2025-09-07T22:02:31.6232388-03:00 [Wander] AgentA pos=(552.7694, 406.12158) dist=475,4435
2025-09-07T22:02:31.6237125-03:00 [SeekPickup] AgentA pos=(547.79846, 410.5639) dist=224,23799
2025-09-07T22:02:31.6407776-03:00 [Wander] AgentA pos=(554.4573, 410.2401) dist=473,93918
2025-09-07T22:02:31.6412557-03:00 [SeekPickup] AgentA pos=(549.40594, 414.59082) dist=222,79053
2025-09-07T22:02:31.6575758-03:00 [Wander] AgentA pos=(556.0617, 414.21008) dist=472,54675
2025-09-07T22:02:31.6580749-03:00 [SeekPickup] AgentA pos=(550.93384, 418.4703) dist=221,45143
2025-09-07T22:02:31.6729221-03:00 [Wander] AgentA pos=(557.58624, 418.03442) dist=471,2593
2025-09-07T22:02:31.6734102-03:00 [SeekPickup] AgentA pos=(552.3856, 422.2055) dist=220,21399
2025-09-07T22:02:31.6939571-03:00 [Wander] AgentA pos=(559.0343, 421.7163) dist=470,0702
2025-09-07T22:02:31.6944040-03:00 [SeekPickup] AgentA pos=(553.7646, 425.79974) dist=219,07162
2025-09-07T22:02:31.7084846-03:00 [Wander] AgentA pos=(560.4093, 425.25903) dist=468,97293
2025-09-07T22:02:31.7088533-03:00 [SeekPickup] AgentA pos=(555.0741, 429.2565) dist=218,01807
2025-09-07T22:02:31.7295103-03:00 [Wander] AgentA pos=(561.71454, 428.66608) dist=467,96143
2025-09-07T22:02:31.7301046-03:00 [SeekPickup] AgentA pos=(556.31726, 432.57938) dist=217,0472
2025-09-07T22:02:31.7412587-03:00 [Wander] AgentA pos=(562.9533, 431.94104) dist=467,02975
2025-09-07T22:02:31.7418577-03:00 [SeekPickup] AgentA pos=(557.4973, 435.77206) dist=216,1533
2025-09-07T22:02:31.7615578-03:00 [Wander] AgentA pos=(564.1287, 435.08755) dist=466,1723
2025-09-07T22:02:31.7622001-03:00 [SeekPickup] AgentA pos=(558.61725, 438.83826) dist=215,33096
2025-09-07T22:02:31.7755116-03:00 [Wander] AgentA pos=(565.24396, 438.10928) dist=465,38367
2025-09-07T22:02:31.7761028-03:00 [SeekPickup] AgentA pos=(559.68, 441.78177) dist=214,57492
2025-09-07T22:02:31.7912843-03:00 [Wander] AgentA pos=(566.3018, 441.01004) dist=464,65903
2025-09-07T22:02:31.7918820-03:00 [SeekPickup] AgentA pos=(560.68835, 444.60638) dist=213,88034
2025-09-07T22:02:31.8104169-03:00 [Wander] AgentA pos=(567.3053, 443.79358) dist=463,99344
2025-09-07T22:02:31.8111793-03:00 [SeekPickup] AgentA pos=(561.64514, 447.31598) dist=213,24261
2025-09-07T22:02:31.8238432-03:00 [Wander] AgentA pos=(568.2571, 446.46368) dist=463,38257
2025-09-07T22:02:31.8243739-03:00 [SeekPickup] AgentA pos=(562.5529, 449.9143) dist=212,65744
2025-09-07T22:02:31.8409592-03:00 [Wander] AgentA pos=(569.15985, 449.02408) dist=462,82217
2025-09-07T22:02:31.8414591-03:00 [SeekPickup] AgentA pos=(563.4142, 452.40515) dist=212,12077
2025-09-07T22:02:31.8571880-03:00 [Wander] AgentA pos=(570.0161, 451.47855) dist=462,30835
2025-09-07T22:02:31.8576158-03:00 [SeekPickup] AgentA pos=(564.2313, 454.7923) dist=211,6288
2025-09-07T22:02:31.8741457-03:00 [Wander] AgentA pos=(570.8283, 453.83078) dist=461,83743
2025-09-07T22:02:31.8746541-03:00 [SeekPickup] AgentA pos=(565.0067, 457.0794) dist=211,17807
2025-09-07T22:02:31.8939028-03:00 [Wander] AgentA pos=(571.5987, 456.08444) dist=461,40607
2025-09-07T22:02:31.8943753-03:00 [SeekPickup] AgentA pos=(565.74243, 459.27014) dist=210,76523
2025-09-07T22:02:31.9070825-03:00 [Wander] AgentA pos=(572.3295, 458.2431) dist=461,01105
2025-09-07T22:02:31.9076253-03:00 [SeekPickup] AgentA pos=(566.4406, 461.36804) dist=210,38731
2025-09-07T22:02:31.9272303-03:00 [Wander] AgentA pos=(573.0228, 460.31027) dist=460,6495
2025-09-07T22:02:31.9279107-03:00 [SeekPickup] AgentA pos=(567.1032, 463.3766) dist=210,04149
2025-09-07T22:02:31.9413736-03:00 [Wander] AgentA pos=(573.6806, 462.2894) dist=460,31866
2025-09-07T22:02:31.9418871-03:00 [SeekPickup] AgentA pos=(567.73206, 465.29922) dist=209,72505
2025-09-07T22:02:31.9602550-03:00 [Wander] AgentA pos=(574.30475, 464.18387) dist=460,01602
2025-09-07T22:02:31.9609415-03:00 [SeekPickup] AgentA pos=(568.329, 467.13928) dist=209,43565
2025-09-07T22:02:31.9742136-03:00 [Wander] AgentA pos=(574.89703, 465.99698) dist=459,73932
2025-09-07T22:02:31.9747717-03:00 [SeekPickup] AgentA pos=(568.8956, 468.90002) dist=209,17104
2025-09-07T22:02:31.9941692-03:00 [Wander] AgentA pos=(575.45917, 467.7319) dist=459,48633
2025-09-07T22:02:31.9948194-03:00 [SeekPickup] AgentA pos=(569.43365, 470.58456) dist=208,92915
2025-09-07T22:02:32.0074317-03:00 [Wander] AgentA pos=(575.99274, 469.39175) dist=459,2551
2025-09-07T22:02:32.0079871-03:00 [SeekPickup] AgentA pos=(569.9445, 472.19595) dist=208,7081
2025-09-07T22:02:32.0272425-03:00 [Wander] AgentA pos=(576.49927, 470.97955) dist=459,0438
2025-09-07T22:02:32.0277985-03:00 [SeekPickup] AgentA pos=(570.4297, 473.73718) dist=208,50612
2025-09-07T22:02:32.0413617-03:00 [Wander] AgentA pos=(576.9802, 472.4982) dist=458,8507
2025-09-07T22:02:32.0420402-03:00 [SeekPickup] AgentA pos=(570.8905, 475.21112) dist=208,32161
2025-09-07T22:02:32.0601834-03:00 [Wander] AgentA pos=(577.4369, 473.95056) dist=458,67444
2025-09-07T22:02:32.0607063-03:00 [SeekPickup] AgentA pos=(571.32825, 476.62054) dist=208,15309
2025-09-07T22:02:32.0743916-03:00 [Wander] AgentA pos=(577.87067, 475.33936) dist=458,51337
2025-09-07T22:02:32.0748641-03:00 [SeekPickup] AgentA pos=(571.74414, 477.9681) dist=207,9992
2025-09-07T22:02:32.0941622-03:00 [Wander] AgentA pos=(578.28265, 476.66718) dist=458,3663
2025-09-07T22:02:32.0947313-03:00 [SeekPickup] AgentA pos=(572.13934, 479.25638) dist=207,85872
2025-09-07T22:02:32.1074040-03:00 [Wander] AgentA pos=(578.6741, 477.9366) dist=458,23206
2025-09-07T22:02:32.1079030-03:00 [SeekPickup] AgentA pos=(572.5149, 480.4879) dist=207,73044
2025-09-07T22:02:32.1273056-03:00 [Wander] AgentA pos=(579.04596, 479.15012) dist=458,1095
2025-09-07T22:02:32.1280285-03:00 [SeekPickup] AgentA pos=(572.8718, 481.66504) dist=207,61333
2025-09-07T22:02:32.1412563-03:00 [Wander] AgentA pos=(579.39935, 480.31003) dist=457,99765
2025-09-07T22:02:32.1417752-03:00 [SeekPickup] AgentA pos=(573.2112, 482.7901) dist=207,50648
2025-09-07T22:02:32.1602610-03:00 [Wander] AgentA pos=(579.7352, 481.41867) dist=457,89557
2025-09-07T22:02:32.1607452-03:00 [SeekPickup] AgentA pos=(573.53375, 483.86536) dist=207,4089
2025-09-07T22:02:32.1742663-03:00 [Wander] AgentA pos=(580.0545, 482.4782) dist=457,8024
2025-09-07T22:02:32.1748223-03:00 [SeekPickup] AgentA pos=(573.8405, 484.8929) dist=207,3199
2025-09-07T22:02:32.1909398-03:00 [Wander] AgentA pos=(580.35803, 483.49075) dist=457,7174
2025-09-07T22:02:32.1914349-03:00 [SeekPickup] AgentA pos=(574.1322, 485.87482) dist=207,23865
2025-09-07T22:02:32.2076208-03:00 [Wander] AgentA pos=(580.64667, 484.4583) dist=457,63983
2025-09-07T22:02:32.2081687-03:00 [SeekPickup] AgentA pos=(574.40967, 486.81302) dist=207,16455
2025-09-07T22:02:32.2242653-03:00 [Wander] AgentA pos=(580.92114, 485.38284) dist=457,56906
2025-09-07T22:02:32.2247194-03:00 [SeekPickup] AgentA pos=(574.67365, 487.70947) dist=207,09698
2025-09-07T22:02:32.2407862-03:00 [Wander] AgentA pos=(581.1822, 486.26624) dist=457,50455
2025-09-07T22:02:32.2412615-03:00 [SeekPickup] AgentA pos=(574.92474, 488.56598) dist=207,0353
2025-09-07T22:02:32.2572835-03:00 [Wander] AgentA pos=(581.43054, 487.11023) dist=457,44562
2025-09-07T22:02:32.2577667-03:00 [SeekPickup] AgentA pos=(575.1637, 489.38425) dist=206,97905
2025-09-07T22:02:32.2758125-03:00 [Wander] AgentA pos=(581.6668, 487.9166) dist=457,39194
2025-09-07T22:02:32.2763511-03:00 [SeekPickup] AgentA pos=(575.3911, 490.166) dist=206,92778
2025-09-07T22:02:32.2931548-03:00 [Wander] AgentA pos=(581.89166, 488.68695) dist=457,3429
2025-09-07T22:02:32.2937212-03:00 [SeekPickup] AgentA pos=(575.60754, 490.91278) dist=206,88101
2025-09-07T22:02:32.3103468-03:00 [Wander] AgentA pos=(582.1056, 489.42285) dist=457,2982
2025-09-07T22:02:32.3108330-03:00 [SeekPickup] AgentA pos=(575.81354, 491.62613) dist=206,83833
2025-09-07T22:02:32.3245176-03:00 [Wander] AgentA pos=(582.3092, 490.12582) dist=457,25742
2025-09-07T22:02:32.3249565-03:00 [SeekPickup] AgentA pos=(576.00964, 492.30756) dist=206,79942
2025-09-07T22:02:32.3434351-03:00 [Wander] AgentA pos=(582.503, 490.79733) dist=457,22025
2025-09-07T22:02:32.3438395-03:00 [SeekPickup] AgentA pos=(576.19635, 492.95847) dist=206,76395
2025-09-07T22:02:32.3459517-03:00 [GameController] Spawned pickup (special=False) at (828.4484, 148.014)
2025-09-07T22:02:32.3463907-03:00 [GameController] Spawned pickup (special=False) at (1169.6239, 375.51202)
2025-09-07T22:02:32.3575542-03:00 [Wander] AgentA pos=(582.6875, 491.43878) dist=457,18634
2025-09-07T22:02:32.3580533-03:00 [SeekPickup] AgentA pos=(576.37415, 493.5802) dist=206,7316
2025-09-07T22:02:32.3771511-03:00 [Wander] AgentA pos=(582.86316, 492.05148) dist=457,1554
2025-09-07T22:02:32.3776797-03:00 [SeekPickup] AgentA pos=(576.5434, 494.17404) dist=206,70204
2025-09-07T22:02:32.3912214-03:00 [Wander] AgentA pos=(583.0304, 492.6367) dist=457,12723
2025-09-07T22:02:32.3918147-03:00 [SeekPickup] AgentA pos=(576.70465, 494.74124) dist=206,67517
2025-09-07T22:02:32.4081262-03:00 [Wander] AgentA pos=(583.1897, 493.19565) dist=457,10147
2025-09-07T22:02:32.4086051-03:00 [SeekPickup] AgentA pos=(576.8582, 495.28296) dist=206,65063
2025-09-07T22:02:32.4242250-03:00 [Wander] AgentA pos=(583.3414, 493.7295) dist=457,07803
2025-09-07T22:02:32.4246804-03:00 [SeekPickup] AgentA pos=(577.0045, 495.80035) dist=206,62828
2025-09-07T22:02:32.4415152-03:00 [Wander] AgentA pos=(583.48584, 494.23938) dist=457,05667
2025-09-07T22:02:32.4420014-03:00 [SeekPickup] AgentA pos=(577.14386, 496.2945) dist=206,60788
2025-09-07T22:02:32.4576998-03:00 [Wander] AgentA pos=(583.6235, 494.72635) dist=457,03717
2025-09-07T22:02:32.4582286-03:00 [SeekPickup] AgentA pos=(577.2766, 496.76642) dist=206,58926
2025-09-07T22:02:32.4747877-03:00 [Wander] AgentA pos=(583.7546, 495.19144) dist=457,01938
2025-09-07T22:02:32.4753340-03:00 [SeekPickup] AgentA pos=(577.40314, 497.21713) dist=206,57233
2025-09-07T22:02:32.4940618-03:00 [Wander] AgentA pos=(583.8795, 495.63562) dist=457,00317
2025-09-07T22:02:32.4946051-03:00 [SeekPickup] AgentA pos=(577.5237, 497.64758) dist=206,55687
2025-09-07T22:02:32.5107592-03:00 [Wander] AgentA pos=(583.99854, 496.0598) dist=456,98837
2025-09-07T22:02:32.5112398-03:00 [SeekPickup] AgentA pos=(577.63855, 498.05862) dist=206,54277
2025-09-07T22:02:32.5241101-03:00 [Wander] AgentA pos=(584.11194, 496.4649) dist=456,9749
2025-09-07T22:02:32.5246079-03:00 [SeekPickup] AgentA pos=(577.74805, 498.45117) dist=206,52992
2025-09-07T22:02:32.5439124-03:00 [Wander] AgentA pos=(584.22003, 496.85178) dist=456,96262
2025-09-07T22:02:32.5443574-03:00 [SeekPickup] AgentA pos=(577.8524, 498.82605) dist=206,51823
2025-09-07T22:02:32.5610632-03:00 [Wander] AgentA pos=(584.32306, 497.22122) dist=456,9514
2025-09-07T22:02:32.5615449-03:00 [SeekPickup] AgentA pos=(577.9519, 499.18405) dist=206,50757
2025-09-07T22:02:32.5742519-03:00 [Wander] AgentA pos=(584.42126, 497.57404) dist=456,94116
2025-09-07T22:02:32.5747411-03:00 [SeekPickup] AgentA pos=(578.04675, 499.5259) dist=206,49788
2025-09-07T22:02:32.5909990-03:00 [Wander] AgentA pos=(584.51483, 497.91095) dist=456,93185
2025-09-07T22:02:32.5916690-03:00 [SeekPickup] AgentA pos=(578.1371, 499.8524) dist=206,48894
2025-09-07T22:02:32.6070990-03:00 [Wander] AgentA pos=(584.604, 498.2327) dist=456,9234
2025-09-07T22:02:32.6076126-03:00 [SeekPickup] AgentA pos=(578.22327, 500.16412) dist=206,48085
2025-09-07T22:02:32.6245121-03:00 [Wander] AgentA pos=(584.6891, 498.53992) dist=456,91562
2025-09-07T22:02:32.6250620-03:00 [SeekPickup] AgentA pos=(578.3055, 500.46182) dist=206,47353
2025-09-07T22:02:32.6404877-03:00 [Wander] AgentA pos=(584.7702, 498.8333) dist=456,9085
2025-09-07T22:02:32.6409413-03:00 [SeekPickup] AgentA pos=(578.38385, 500.7461) dist=206,46681
2025-09-07T22:02:32.6577094-03:00 [Wander] AgentA pos=(584.84753, 499.1135) dist=456,90207
2025-09-07T22:02:32.6582002-03:00 [SeekPickup] AgentA pos=(578.45856, 501.01758) dist=206,4607
2025-09-07T22:02:32.6738685-03:00 [Wander] AgentA pos=(584.92126, 499.38104) dist=456,89618
2025-09-07T22:02:32.6742907-03:00 [SeekPickup] AgentA pos=(578.52985, 501.2768) dist=206,45514
2025-09-07T22:02:32.6938111-03:00 [Wander] AgentA pos=(584.9916, 499.6365) dist=456,8908
2025-09-07T22:02:32.6943659-03:00 [SeekPickup] AgentA pos=(578.5978, 501.52432) dist=206,45006
2025-09-07T22:02:32.7072713-03:00 [Wander] AgentA pos=(585.0586, 499.88046) dist=456,88596
2025-09-07T22:02:32.7077161-03:00 [SeekPickup] AgentA pos=(578.66254, 501.76068) dist=206,44537
2025-09-07T22:02:32.7268798-03:00 [Wander] AgentA pos=(585.1225, 500.1134) dist=456,8815
2025-09-07T22:02:32.7274433-03:00 [SeekPickup] AgentA pos=(578.72437, 501.98636) dist=206,44118
2025-09-07T22:02:32.7436616-03:00 [Wander] AgentA pos=(585.1835, 500.33582) dist=456,87744
2025-09-07T22:02:32.7441128-03:00 [SeekPickup] AgentA pos=(578.78326, 502.20184) dist=206,43729
2025-09-07T22:02:32.7574553-03:00 [Wander] AgentA pos=(585.2416, 500.5482) dist=456,87378
2025-09-07T22:02:32.7579530-03:00 [SeekPickup] AgentA pos=(578.8395, 502.40762) dist=206,43376
2025-09-07T22:02:32.7766530-03:00 [Wander] AgentA pos=(585.29706, 500.751) dist=456,8704
2025-09-07T22:02:32.7771054-03:00 [SeekPickup] AgentA pos=(578.8931, 502.60413) dist=206,43059
2025-09-07T22:02:32.7942084-03:00 [Wander] AgentA pos=(585.35, 500.94467) dist=456,8673
2025-09-07T22:02:32.7946036-03:00 [SeekPickup] AgentA pos=(578.9443, 502.79175) dist=206,42764
2025-09-07T22:02:32.8074778-03:00 [Wander] AgentA pos=(585.4004, 501.12958) dist=456,86456
2025-09-07T22:02:32.8079937-03:00 [SeekPickup] AgentA pos=(578.99304, 502.9709) dist=206,42496
2025-09-07T22:02:32.8266930-03:00 [Wander] AgentA pos=(585.4485, 501.30615) dist=456,86203
2025-09-07T22:02:32.8271606-03:00 [SeekPickup] AgentA pos=(579.03955, 503.14197) dist=206,42247
2025-09-07T22:02:32.8409939-03:00 [Wander] AgentA pos=(585.4944, 501.47476) dist=456,8597
2025-09-07T22:02:32.8414852-03:00 [SeekPickup] AgentA pos=(579.084, 503.30533) dist=206,42027
2025-09-07T22:02:32.8600182-03:00 [Wander] AgentA pos=(585.5382, 501.63574) dist=456,85757
2025-09-07T22:02:32.8604838-03:00 [SeekPickup] AgentA pos=(579.12634, 503.46127) dist=206,41826
2025-09-07T22:02:32.8767750-03:00 [Wander] AgentA pos=(585.57996, 501.78946) dist=456,85568
2025-09-07T22:02:32.8771905-03:00 [SeekPickup] AgentA pos=(579.16675, 503.6102) dist=206,4164
2025-09-07T22:02:32.8910762-03:00 [Wander] AgentA pos=(585.6198, 501.93622) dist=456,85394
2025-09-07T22:02:32.8915850-03:00 [SeekPickup] AgentA pos=(579.2053, 503.75238) dist=206,41472
2025-09-07T22:02:32.9074636-03:00 [Wander] AgentA pos=(585.6579, 502.07635) dist=456,85226
2025-09-07T22:02:32.9080371-03:00 [SeekPickup] AgentA pos=(579.2421, 503.88815) dist=206,4132
2025-09-07T22:02:32.9242066-03:00 [Wander] AgentA pos=(585.69415, 502.21017) dist=456,85086
2025-09-07T22:02:32.9246922-03:00 [SeekPickup] AgentA pos=(579.2772, 504.0178) dist=206,41177
2025-09-07T22:02:32.9409195-03:00 [Wander] AgentA pos=(585.72876, 502.33795) dist=456,84955
2025-09-07T22:02:32.9413476-03:00 [SeekPickup] AgentA pos=(579.3107, 504.14157) dist=206,4105
2025-09-07T22:02:32.9574678-03:00 [Wander] AgentA pos=(585.76184, 502.45993) dist=456,8483
2025-09-07T22:02:32.9580018-03:00 [SeekPickup] AgentA pos=(579.3427, 504.25977) dist=206,40935
2025-09-07T22:02:32.9740705-03:00 [Wander] AgentA pos=(585.79333, 502.57642) dist=456,8472
2025-09-07T22:02:32.9745246-03:00 [SeekPickup] AgentA pos=(579.37317, 504.37262) dist=206,40825
2025-09-07T22:02:32.9938586-03:00 [Wander] AgentA pos=(585.82336, 502.68765) dist=456,84622
2025-09-07T22:02:32.9945498-03:00 [SeekPickup] AgentA pos=(579.4023, 504.48038) dist=206,40729
2025-09-07T22:02:33.0075571-03:00 [Wander] AgentA pos=(585.8521, 502.79385) dist=456,8453
2025-09-07T22:02:33.0080604-03:00 [SeekPickup] AgentA pos=(579.43005, 504.58325) dist=206,4064
2025-09-07T22:02:33.0269646-03:00 [Wander] AgentA pos=(585.87946, 502.89526) dist=456,84448
2025-09-07T22:02:33.0275073-03:00 [SeekPickup] AgentA pos=(579.45654, 504.6815) dist=206,40558
2025-09-07T22:02:33.0412083-03:00 [Wander] AgentA pos=(585.9056, 502.99207) dist=456,84375
2025-09-07T22:02:33.0417227-03:00 [SeekPickup] AgentA pos=(579.4818, 504.77527) dist=206,40482
2025-09-07T22:02:33.0600415-03:00 [Wander] AgentA pos=(585.93054, 503.0845) dist=456,84305
2025-09-07T22:02:33.0605374-03:00 [SeekPickup] AgentA pos=(579.506, 504.86484) dist=206,40416
2025-09-07T22:02:33.0747450-03:00 [Wander] AgentA pos=(585.95435, 503.1728) dist=456,8424
2025-09-07T22:02:33.0752708-03:00 [SeekPickup] AgentA pos=(579.52905, 504.95035) dist=206,40358
2025-09-07T22:02:33.0916465-03:00 [Wander] AgentA pos=(585.9771, 503.25705) dist=456,84177
2025-09-07T22:02:33.0923295-03:00 [SeekPickup] AgentA pos=(579.5511, 505.03198) dist=206,40306
2025-09-07T22:02:33.1080143-03:00 [Wander] AgentA pos=(585.99884, 503.33752) dist=456,84122
2025-09-07T22:02:33.1086102-03:00 [SeekPickup] AgentA pos=(579.5721, 505.10995) dist=206,40256
2025-09-07T22:02:33.1244784-03:00 [Wander] AgentA pos=(586.01953, 503.41437) dist=456,84076
2025-09-07T22:02:33.1249315-03:00 [SeekPickup] AgentA pos=(579.5921, 505.1844) dist=206,4021
2025-09-07T22:02:33.1420074-03:00 [Wander] AgentA pos=(586.03925, 503.48773) dist=456,84033
2025-09-07T22:02:33.1426664-03:00 [SeekPickup] AgentA pos=(579.6112, 505.25546) dist=206,40164
2025-09-07T22:02:33.1590007-03:00 [Wander] AgentA pos=(586.0581, 503.55777) dist=456,83994
2025-09-07T22:02:33.1594595-03:00 [SeekPickup] AgentA pos=(579.62946, 505.3233) dist=206,40128
2025-09-07T22:02:33.1755783-03:00 [Wander] AgentA pos=(586.0761, 503.62463) dist=456,83957
2025-09-07T22:02:33.1760432-03:00 [SeekPickup] AgentA pos=(579.6469, 505.3881) dist=206,40096
2025-09-07T22:02:33.1949304-03:00 [Wander] AgentA pos=(586.09326, 503.6885) dist=456,83923
2025-09-07T22:02:33.1953319-03:00 [SeekPickup] AgentA pos=(579.6635, 505.44995) dist=206,4006
2025-09-07T22:02:33.2085140-03:00 [Wander] AgentA pos=(586.1097, 503.74945) dist=456,83893
2025-09-07T22:02:33.2089874-03:00 [SeekPickup] AgentA pos=(579.6794, 505.509) dist=206,40033
2025-09-07T22:02:33.2280525-03:00 [Wander] AgentA pos=(586.1253, 503.80768) dist=456,83865
2025-09-07T22:02:33.2284704-03:00 [SeekPickup] AgentA pos=(579.6945, 505.5654) dist=206,40004
2025-09-07T22:02:33.2421902-03:00 [Wander] AgentA pos=(586.1402, 503.86325) dist=456,83844
2025-09-07T22:02:33.2426713-03:00 [SeekPickup] AgentA pos=(579.7089, 505.61926) dist=206,39973
2025-09-07T22:02:33.2617904-03:00 [Wander] AgentA pos=(586.1544, 503.91635) dist=456,83826
2025-09-07T22:02:33.2622664-03:00 [SeekPickup] AgentA pos=(579.7227, 505.6707) dist=206,39952
2025-09-07T22:02:33.2765981-03:00 [Wander] AgentA pos=(586.168, 503.967) dist=456,83804
2025-09-07T22:02:33.2771240-03:00 [SeekPickup] AgentA pos=(579.7359, 505.71976) dist=206,39934
2025-09-07T22:02:33.2945815-03:00 [Wander] AgentA pos=(586.181, 504.01538) dist=456,83783
2025-09-07T22:02:33.2951416-03:00 [SeekPickup] AgentA pos=(579.7485, 505.76663) dist=206,39914
2025-09-07T22:02:33.3113356-03:00 [Wander] AgentA pos=(586.1934, 504.06158) dist=456,83768
2025-09-07T22:02:33.3117671-03:00 [SeekPickup] AgentA pos=(579.7605, 505.81137) dist=206,39899
2025-09-07T22:02:33.3264446-03:00 [Wander] AgentA pos=(586.20526, 504.10568) dist=456,83752
2025-09-07T22:02:33.3269571-03:00 [SeekPickup] AgentA pos=(579.772, 505.8541) dist=206,39886
2025-09-07T22:02:33.3445181-03:00 [Wander] AgentA pos=(586.21655, 504.1478) dist=456,83737
2025-09-07T22:02:33.3449227-03:00 [SeekPickup] AgentA pos=(579.7829, 505.8949) dist=206,3987
2025-09-07T22:02:33.3603412-03:00 [Wander] AgentA pos=(586.22736, 504.188) dist=456,83722
2025-09-07T22:02:33.3607338-03:00 [SeekPickup] AgentA pos=(579.79333, 505.93384) dist=206,39857
2025-09-07T22:02:33.3679347-03:00 [GameController] Spawned pickup (special=True) at (600.3739, 440.3404)
2025-09-07T22:02:33.3687398-03:00 [GameController] Spawned pickup (special=False) at (1029.4685, 218.3792)
2025-09-07T22:02:33.3784451-03:00 [Wander] AgentA pos=(586.2376, 504.22638) dist=456,83713
2025-09-07T22:02:33.3788939-03:00 [SeekPickup] AgentA pos=(579.8033, 505.97104) dist=206,39844
2025-09-07T22:02:33.3952998-03:00 [Wander] AgentA pos=(586.24744, 504.26306) dist=456,83704
2025-09-07T22:02:33.3957316-03:00 [SeekPickup] AgentA pos=(579.8128, 506.00656) dist=206,39833
2025-09-07T22:02:33.4093042-03:00 [Wander] AgentA pos=(586.25684, 504.29807) dist=456,8369
2025-09-07T22:02:33.4097200-03:00 [SeekPickup] AgentA pos=(579.8219, 506.04047) dist=206,39824
2025-09-07T22:02:33.4283943-03:00 [Wander] AgentA pos=(586.2658, 504.33148) dist=456,8368
2025-09-07T22:02:33.4288563-03:00 [SeekPickup] AgentA pos=(579.83057, 506.07285) dist=206,39815
2025-09-07T22:02:33.4425644-03:00 [Wander] AgentA pos=(586.27435, 504.3634) dist=456,83673
2025-09-07T22:02:33.4431408-03:00 [SeekPickup] AgentA pos=(579.83887, 506.10376) dist=206,39809
2025-09-07T22:02:33.4614645-03:00 [Wander] AgentA pos=(586.28253, 504.39386) dist=456,83664
2025-09-07T22:02:33.4619264-03:00 [SeekPickup] AgentA pos=(579.8468, 506.13327) dist=206,39806
2025-09-07T22:02:33.4754188-03:00 [Wander] AgentA pos=(586.29034, 504.42294) dist=456,83655
2025-09-07T22:02:33.4758813-03:00 [SeekPickup] AgentA pos=(579.8544, 506.16144) dist=206,39801
2025-09-07T22:02:33.4934302-03:00 [Wander] AgentA pos=(586.2978, 504.4507) dist=456,8365
2025-09-07T22:02:33.4939129-03:00 [SeekPickup] AgentA pos=(579.8616, 506.18835) dist=206,39793
2025-09-07T22:02:33.5088748-03:00 [Wander] AgentA pos=(586.30493, 504.47723) dist=456,83636
2025-09-07T22:02:33.5094106-03:00 [SeekPickup] AgentA pos=(579.86847, 506.21405) dist=206,3979
2025-09-07T22:02:33.5254012-03:00 [Wander] AgentA pos=(586.3117, 504.50256) dist=456,83633
2025-09-07T22:02:33.5258546-03:00 [SeekPickup] AgentA pos=(579.87506, 506.2386) dist=206,39789
2025-09-07T22:02:33.5420357-03:00 [Wander] AgentA pos=(586.3182, 504.52673) dist=456,8363
2025-09-07T22:02:33.5425862-03:00 [SeekPickup] AgentA pos=(579.8813, 506.262) dist=206,39781
2025-09-07T22:02:33.5578850-03:00 [Wander] AgentA pos=(586.32434, 504.5498) dist=456,83624
2025-09-07T22:02:33.5583338-03:00 [SeekPickup] AgentA pos=(579.88727, 506.28433) dist=206,39777
2025-09-07T22:02:33.5767184-03:00 [Wander] AgentA pos=(586.33026, 504.57184) dist=456,8362
2025-09-07T22:02:33.5771289-03:00 [SeekPickup] AgentA pos=(579.893, 506.3057) dist=206,39774
2025-09-07T22:02:33.5921098-03:00 [Wander] AgentA pos=(586.3359, 504.5929) dist=456,83615
2025-09-07T22:02:33.5926039-03:00 [SeekPickup] AgentA pos=(579.89844, 506.32608) dist=206,39769
2025-09-07T22:02:33.6105932-03:00 [Wander] AgentA pos=(586.34125, 504.61298) dist=456,83615
2025-09-07T22:02:33.6110046-03:00 [SeekPickup] AgentA pos=(579.9036, 506.34552) dist=206,39764
2025-09-07T22:02:33.6271587-03:00 [Wander] AgentA pos=(586.3464, 504.63214) dist=456,83612
2025-09-07T22:02:33.6275729-03:00 [SeekPickup] AgentA pos=(579.9086, 506.3641) dist=206,39766
2025-09-07T22:02:33.6447437-03:00 [Wander] AgentA pos=(586.3513, 504.65045) dist=456,83606
2025-09-07T22:02:33.6452783-03:00 [SeekPickup] AgentA pos=(579.9134, 506.38184) dist=206,39764
2025-09-07T22:02:33.6602767-03:00 [Wander] AgentA pos=(586.35596, 504.66794) dist=456,83606
2025-09-07T22:02:33.6607702-03:00 [SeekPickup] AgentA pos=(579.9179, 506.39877) dist=206,3976
2025-09-07T22:02:33.6775453-03:00 [Wander] AgentA pos=(586.3604, 504.68463) dist=456,83606
2025-09-07T22:02:33.6781190-03:00 [SeekPickup] AgentA pos=(579.9222, 506.41495) dist=206,39752
2025-09-07T22:02:33.6950269-03:00 [Wander] AgentA pos=(586.3646, 504.70056) dist=456,83606
2025-09-07T22:02:33.6954530-03:00 [SeekPickup] AgentA pos=(579.9263, 506.4304) dist=206,39748
2025-09-07T22:02:33.7097892-03:00 [Wander] AgentA pos=(586.36865, 504.7158) dist=456,8361
2025-09-07T22:02:33.7102536-03:00 [SeekPickup] AgentA pos=(579.9302, 506.44513) dist=206,39742
2025-09-07T22:02:33.7264092-03:00 [Wander] AgentA pos=(586.3725, 504.73032) dist=456,83612
2025-09-07T22:02:33.7271037-03:00 [SeekPickup] AgentA pos=(579.9339, 506.4592) dist=206,39737
2025-09-07T22:02:33.7441300-03:00 [Wander] AgentA pos=(586.3762, 504.74417) dist=456,8361
2025-09-07T22:02:33.7445281-03:00 [SeekPickup] AgentA pos=(579.9375, 506.47263) dist=206,39737
2025-09-07T22:02:33.7613740-03:00 [Wander] AgentA pos=(586.37976, 504.75742) dist=456,8361
2025-09-07T22:02:33.7619996-03:00 [SeekPickup] AgentA pos=(579.9409, 506.48544) dist=206,39734
2025-09-07T22:02:33.7785602-03:00 [Wander] AgentA pos=(586.3831, 504.77005) dist=456,8361
2025-09-07T22:02:33.7790831-03:00 [SeekPickup] AgentA pos=(579.9442, 506.49768) dist=206,39735
2025-09-07T22:02:33.7942178-03:00 [Wander] AgentA pos=(586.38635, 504.7821) dist=456,83606
2025-09-07T22:02:33.7947873-03:00 [SeekPickup] AgentA pos=(579.9473, 506.50937) dist=206,39734
2025-09-07T22:02:33.8088161-03:00 [Wander] AgentA pos=(586.3894, 504.79364) dist=456,8361
2025-09-07T22:02:33.8095460-03:00 [SeekPickup] AgentA pos=(579.95026, 506.52054) dist=206,39726
2025-09-07T22:02:33.8260905-03:00 [Wander] AgentA pos=(586.39233, 504.80463) dist=456,83606
2025-09-07T22:02:33.8266572-03:00 [SeekPickup] AgentA pos=(579.9531, 506.5312) dist=206,3973
2025-09-07T22:02:33.8419327-03:00 [Wander] AgentA pos=(586.39514, 504.81512) dist=456,83606
2025-09-07T22:02:33.8424282-03:00 [SeekPickup] AgentA pos=(579.9559, 506.54135) dist=206,3973
2025-09-07T22:02:33.8604007-03:00 [Wander] AgentA pos=(586.3978, 504.82516) dist=456,83606
2025-09-07T22:02:33.8608266-03:00 [SeekPickup] AgentA pos=(579.95844, 506.5511) dist=206,39726
2025-09-07T22:02:33.8763856-03:00 [Wander] AgentA pos=(586.4004, 504.83475) dist=456,83603
2025-09-07T22:02:33.8768058-03:00 [SeekPickup] AgentA pos=(579.96094, 506.56036) dist=206,39726
2025-09-07T22:02:33.8937243-03:00 [Wander] AgentA pos=(586.40283, 504.8439) dist=456,83603
2025-09-07T22:02:33.8941599-03:00 [SeekPickup] AgentA pos=(579.9633, 506.56924) dist=206,39726
2025-09-07T22:02:33.9097424-03:00 [Wander] AgentA pos=(586.4052, 504.85266) dist=456,83597
2025-09-07T22:02:33.9102406-03:00 [SeekPickup] AgentA pos=(579.9656, 506.57773) dist=206,39726
2025-09-07T22:02:33.9268922-03:00 [Wander] AgentA pos=(586.4074, 504.86102) dist=456,836
2025-09-07T22:02:33.9273513-03:00 [SeekPickup] AgentA pos=(579.9677, 506.58582) dist=206,39723
2025-09-07T22:02:33.9436880-03:00 [Wander] AgentA pos=(586.40955, 504.869) dist=456,836
2025-09-07T22:02:33.9441901-03:00 [SeekPickup] AgentA pos=(579.9698, 506.59354) dist=206,39723
2025-09-07T22:02:33.9604812-03:00 [Wander] AgentA pos=(586.41156, 504.8766) dist=456,836
2025-09-07T22:02:33.9609031-03:00 [SeekPickup] AgentA pos=(579.97174, 506.6009) dist=206,39722
2025-09-07T22:02:33.9745904-03:00 [Wander] AgentA pos=(586.4135, 504.88385) dist=456,836
2025-09-07T22:02:33.9750162-03:00 [SeekPickup] AgentA pos=(579.97363, 506.60794) dist=206,39723
2025-09-07T22:02:33.9908414-03:00 [Wander] AgentA pos=(586.41534, 504.89078) dist=456,836
2025-09-07T22:02:33.9912408-03:00 [SeekPickup] AgentA pos=(579.9754, 506.61465) dist=206,3972
2025-09-07T22:02:34.0079323-03:00 [Wander] AgentA pos=(586.4171, 504.8974) dist=456,836
2025-09-07T22:02:34.0083950-03:00 [SeekPickup] AgentA pos=(579.9771, 506.62106) dist=206,39719
2025-09-07T22:02:34.0242903-03:00 [Wander] AgentA pos=(586.41876, 504.90372) dist=456,83606
2025-09-07T22:02:34.0247720-03:00 [SeekPickup] AgentA pos=(579.9787, 506.62717) dist=206,39714
2025-09-07T22:02:34.0410962-03:00 [Wander] AgentA pos=(586.42035, 504.90973) dist=456,83606
2025-09-07T22:02:34.0416144-03:00 [SeekPickup] AgentA pos=(579.9803, 506.633) dist=206,39717
2025-09-07T22:02:34.0575524-03:00 [Wander] AgentA pos=(586.42194, 504.91547) dist=456,836
2025-09-07T22:02:34.0580403-03:00 [SeekPickup] AgentA pos=(579.9818, 506.63855) dist=206,39722
2025-09-07T22:02:34.0763808-03:00 [Wander] AgentA pos=(586.4234, 504.92096) dist=456,836
2025-09-07T22:02:34.0769579-03:00 [SeekPickup] AgentA pos=(579.9832, 506.6439) dist=206,39719
2025-09-07T22:02:34.0938768-03:00 [Wander] AgentA pos=(586.4248, 504.9262) dist=456,836
2025-09-07T22:02:34.0943535-03:00 [SeekPickup] AgentA pos=(579.98456, 506.64896) dist=206,39717
2025-09-07T22:02:34.1078763-03:00 [Wander] AgentA pos=(586.42615, 504.9312) dist=456,836
2025-09-07T22:02:34.1083342-03:00 [SeekPickup] AgentA pos=(579.9859, 506.6538) dist=206,39722
2025-09-07T22:02:34.1263494-03:00 [Wander] AgentA pos=(586.4274, 504.936) dist=456,83597
2025-09-07T22:02:34.1268728-03:00 [SeekPickup] AgentA pos=(579.9871, 506.65845) dist=206,3972
2025-09-07T22:02:34.1436104-03:00 [Wander] AgentA pos=(586.42865, 504.94055) dist=456,83597
2025-09-07T22:02:34.1440350-03:00 [SeekPickup] AgentA pos=(579.9883, 506.66287) dist=206,39717
2025-09-07T22:02:34.1579973-03:00 [Wander] AgentA pos=(586.4298, 504.94492) dist=456,836
2025-09-07T22:02:34.1584749-03:00 [SeekPickup] AgentA pos=(579.98944, 506.66708) dist=206,39722
2025-09-07T22:02:34.1767669-03:00 [Wander] AgentA pos=(586.43097, 504.94907) dist=456,83594
2025-09-07T22:02:34.1771959-03:00 [SeekPickup] AgentA pos=(579.99054, 506.6711) dist=206,39723
2025-09-07T22:02:34.1935646-03:00 [Wander] AgentA pos=(586.432, 504.95303) dist=456,83594
2025-09-07T22:02:34.1940285-03:00 [SeekPickup] AgentA pos=(579.9916, 506.67496) dist=206,39723
2025-09-07T22:02:34.2083837-03:00 [Wander] AgentA pos=(586.43304, 504.95685) dist=456,83594
2025-09-07T22:02:34.2088102-03:00 [SeekPickup] AgentA pos=(579.99255, 506.67865) dist=206,39723
2025-09-07T22:02:34.2259915-03:00 [Wander] AgentA pos=(586.434, 504.96048) dist=456,83594
2025-09-07T22:02:34.2264894-03:00 [SeekPickup] AgentA pos=(579.9935, 506.68216) dist=206,39726
2025-09-07T22:02:34.2433985-03:00 [Wander] AgentA pos=(586.435, 504.96393) dist=456,83588
2025-09-07T22:02:34.2438356-03:00 [SeekPickup] AgentA pos=(579.99445, 506.68552) dist=206,3973
2025-09-07T22:02:34.2599326-03:00 [Wander] AgentA pos=(586.43585, 504.96725) dist=456,83588
2025-09-07T22:02:34.2604704-03:00 [SeekPickup] AgentA pos=(579.9953, 506.68872) dist=206,3973
2025-09-07T22:02:34.2765615-03:00 [Wander] AgentA pos=(586.4367, 504.9704) dist=456,83588
2025-09-07T22:02:34.2770776-03:00 [SeekPickup] AgentA pos=(579.9961, 506.69177) dist=206,39726
2025-09-07T22:02:34.2917410-03:00 [Wander] AgentA pos=(586.4375, 504.97342) dist=456,83588
2025-09-07T22:02:34.2922324-03:00 [SeekPickup] AgentA pos=(579.9969, 506.6947) dist=206,39726
2025-09-07T22:02:34.3079823-03:00 [Wander] AgentA pos=(586.4383, 504.9763) dist=456,83585
2025-09-07T22:02:34.3085171-03:00 [SeekPickup] AgentA pos=(579.9976, 506.69748) dist=206,39726
2025-09-07T22:02:34.3244177-03:00 [Wander] AgentA pos=(586.439, 504.97903) dist=456,83588
2025-09-07T22:02:34.3249149-03:00 [SeekPickup] AgentA pos=(579.99835, 506.70013) dist=206,3973
2025-09-07T22:02:34.3414290-03:00 [Wander] AgentA pos=(586.4397, 504.98166) dist=456,83588
2025-09-07T22:02:34.3418890-03:00 [SeekPickup] AgentA pos=(579.999, 506.7027) dist=206,39726
2025-09-07T22:02:34.3579343-03:00 [Wander] AgentA pos=(586.44037, 504.9842) dist=456,8359
2025-09-07T22:02:34.3584094-03:00 [SeekPickup] AgentA pos=(579.99963, 506.70514) dist=206,39723
2025-09-07T22:02:34.3748667-03:00 [Wander] AgentA pos=(586.441, 504.98657) dist=456,83594
2025-09-07T22:02:34.3753216-03:00 [SeekPickup] AgentA pos=(580.00024, 506.70743) dist=206,39723
2025-09-07T22:02:34.3775961-03:00 [GameController] Spawned pickup (special=False) at (500.57828, 325.62354)
2025-09-07T22:02:34.3781691-03:00 [GameController] Spawned pickup (special=False) at (946.7814, 668.1886)
2025-09-07T22:02:34.3937060-03:00 [Wander] AgentA pos=(586.4416, 504.98883) dist=456,83594
2025-09-07T22:02:34.3941439-03:00 [SeekPickup] AgentA pos=(580.00085, 506.70963) dist=206,39725
2025-09-07T22:02:34.4082449-03:00 [Wander] AgentA pos=(586.4422, 504.991) dist=456,83588
2025-09-07T22:02:34.4087535-03:00 [SeekPickup] AgentA pos=(580.0014, 506.71173) dist=206,39723
2025-09-07T22:02:34.4263208-03:00 [Wander] AgentA pos=(586.44275, 504.99307) dist=456,83588
2025-09-07T22:02:34.4268498-03:00 [SeekPickup] AgentA pos=(580.00195, 506.71375) dist=206,39725
2025-09-07T22:02:34.4426384-03:00 [Wander] AgentA pos=(586.4433, 504.99506) dist=456,83588
2025-09-07T22:02:34.4431126-03:00 [SeekPickup] AgentA pos=(580.0025, 506.71567) dist=206,39728
2025-09-07T22:02:34.4585027-03:00 [Wander] AgentA pos=(586.4438, 504.99695) dist=456,83588
2025-09-07T22:02:34.4591141-03:00 [SeekPickup] AgentA pos=(580.003, 506.7175) dist=206,39728
2025-09-07T22:02:34.4764943-03:00 [Wander] AgentA pos=(586.4443, 504.99878) dist=456,83588
2025-09-07T22:02:34.4771006-03:00 [SeekPickup] AgentA pos=(580.0034, 506.71927) dist=206,39723
2025-09-07T22:02:34.4933824-03:00 [Wander] AgentA pos=(586.4447, 505.00052) dist=456,83594
2025-09-07T22:02:34.4940758-03:00 [SeekPickup] AgentA pos=(580.00385, 506.72095) dist=206,39722
2025-09-07T22:02:34.5093684-03:00 [Wander] AgentA pos=(586.4451, 505.00217) dist=456,83594
2025-09-07T22:02:34.5098645-03:00 [SeekPickup] AgentA pos=(580.0043, 506.72253) dist=206,39722
2025-09-07T22:02:34.5268167-03:00 [Wander] AgentA pos=(586.44556, 505.00372) dist=456,83594
2025-09-07T22:02:34.5274824-03:00 [SeekPickup] AgentA pos=(580.0047, 506.72406) dist=206,39725
2025-09-07T22:02:34.5432217-03:00 [Wander] AgentA pos=(586.446, 505.00525) dist=456,8359
2025-09-07T22:02:34.5436353-03:00 [SeekPickup] AgentA pos=(580.00507, 506.72552) dist=206,39722
2025-09-07T22:02:34.5579031-03:00 [Wander] AgentA pos=(586.44635, 505.00668) dist=456,83594
2025-09-07T22:02:34.5584111-03:00 [SeekPickup] AgentA pos=(580.00543, 506.72693) dist=206,3972
2025-09-07T22:02:34.5763228-03:00 [Wander] AgentA pos=(586.4467, 505.00806) dist=456,8359
2025-09-07T22:02:34.5768842-03:00 [SeekPickup] AgentA pos=(580.0058, 506.72824) dist=206,39723
2025-09-07T22:02:34.5912558-03:00 [Wander] AgentA pos=(586.4471, 505.00937) dist=456,8359
2025-09-07T22:02:34.5917564-03:00 [SeekPickup] AgentA pos=(580.00616, 506.72952) dist=206,39725
2025-09-07T22:02:34.6080055-03:00 [Wander] AgentA pos=(586.44745, 505.01062) dist=456,83588
2025-09-07T22:02:34.6085592-03:00 [SeekPickup] AgentA pos=(580.00653, 506.73074) dist=206,3973
2025-09-07T22:02:34.6245624-03:00 [Wander] AgentA pos=(586.4478, 505.0118) dist=456,83582
2025-09-07T22:02:34.6250183-03:00 [SeekPickup] AgentA pos=(580.0069, 506.7319) dist=206,39734
2025-09-07T22:02:34.6409052-03:00 [Wander] AgentA pos=(586.4481, 505.01297) dist=456,83582
2025-09-07T22:02:34.6414692-03:00 [SeekPickup] AgentA pos=(580.00714, 506.733) dist=206,3973
2025-09-07T22:02:34.6578227-03:00 [Wander] AgentA pos=(586.44836, 505.01404) dist=456,83588
2025-09-07T22:02:34.6582621-03:00 [SeekPickup] AgentA pos=(580.0074, 506.73404) dist=206,39726
2025-09-07T22:02:34.6751264-03:00 [Wander] AgentA pos=(586.4486, 505.01508) dist=456,8359
2025-09-07T22:02:34.6756242-03:00 [SeekPickup] AgentA pos=(580.0076, 506.73505) dist=206,39723
2025-09-07T22:02:34.6927149-03:00 [Wander] AgentA pos=(586.44885, 505.01605) dist=456,83594
2025-09-07T22:02:34.6931211-03:00 [SeekPickup] AgentA pos=(580.0079, 506.736) dist=206,39723
2025-09-07T22:02:34.7103496-03:00 [Wander] AgentA pos=(586.4491, 505.017) dist=456,83594
2025-09-07T22:02:34.7108785-03:00 [SeekPickup] AgentA pos=(580.0081, 506.7369) dist=206,39723
2025-09-07T22:02:34.7244892-03:00 [Wander] AgentA pos=(586.44934, 505.01788) dist=456,83594
2025-09-07T22:02:34.7249662-03:00 [SeekPickup] AgentA pos=(580.00836, 506.73776) dist=206,39725
2025-09-07T22:02:34.7421471-03:00 [Wander] AgentA pos=(586.4496, 505.01874) dist=456,83588
2025-09-07T22:02:34.7427018-03:00 [SeekPickup] AgentA pos=(580.0086, 506.7386) dist=206,39726
2025-09-07T22:02:34.7591985-03:00 [Wander] AgentA pos=(586.4498, 505.01956) dist=456,83588
2025-09-07T22:02:34.7596797-03:00 [SeekPickup] AgentA pos=(580.0088, 506.7394) dist=206,39723
2025-09-07T22:02:34.7760746-03:00 [Wander] AgentA pos=(586.45, 505.02036) dist=456,8359
2025-09-07T22:02:34.7766452-03:00 [SeekPickup] AgentA pos=(580.009, 506.74017) dist=206,39722
2025-09-07T22:02:34.7922017-03:00 [Wander] AgentA pos=(586.4502, 505.02112) dist=456,83594
2025-09-07T22:02:34.7928496-03:00 [SeekPickup] AgentA pos=(580.00916, 506.7409) dist=206,3972
2025-09-07T22:02:34.8077489-03:00 [Wander] AgentA pos=(586.4504, 505.02185) dist=456,83594
2025-09-07T22:02:34.8082814-03:00 [SeekPickup] AgentA pos=(580.00934, 506.7416) dist=206,39719
2025-09-07T22:02:34.8258486-03:00 [Wander] AgentA pos=(586.45056, 505.02252) dist=456,83594
2025-09-07T22:02:34.8263959-03:00 [SeekPickup] AgentA pos=(580.0095, 506.74228) dist=206,3972
2025-09-07T22:02:34.8410542-03:00 [Wander] AgentA pos=(586.45074, 505.0232) dist=456,83594
2025-09-07T22:02:34.8414963-03:00 [SeekPickup] AgentA pos=(580.0097, 506.74292) dist=206,39722
2025-09-07T22:02:34.8592050-03:00 [Wander] AgentA pos=(586.4509, 505.02383) dist=456,8359
2025-09-07T22:02:34.8596573-03:00 [SeekPickup] AgentA pos=(580.0099, 506.74353) dist=206,39723
2025-09-07T22:02:34.8757315-03:00 [Wander] AgentA pos=(586.4511, 505.0244) dist=456,83588
2025-09-07T22:02:34.8761232-03:00 [SeekPickup] AgentA pos=(580.0101, 506.7441) dist=206,39726
2025-09-07T22:02:34.8927452-03:00 [Wander] AgentA pos=(586.4513, 505.025) dist=456,83588
2025-09-07T22:02:34.8933335-03:00 [SeekPickup] AgentA pos=(580.01025, 506.74466) dist=206,3973
2025-09-07T22:02:34.9087195-03:00 [Wander] AgentA pos=(586.4515, 505.02554) dist=456,83582
2025-09-07T22:02:34.9091037-03:00 [SeekPickup] AgentA pos=(580.01044, 506.74518) dist=206,39734
2025-09-07T22:02:34.9249196-03:00 [Wander] AgentA pos=(586.45166, 505.02606) dist=456,8358
2025-09-07T22:02:34.9254234-03:00 [SeekPickup] AgentA pos=(580.0106, 506.7457) dist=206,39738
2025-09-07T22:02:34.9423047-03:00 [Wander] AgentA pos=(586.45184, 505.02655) dist=456,83572
2025-09-07T22:02:34.9428908-03:00 [SeekPickup] AgentA pos=(580.0108, 506.74615) dist=206,39743
2025-09-07T22:02:34.9593430-03:00 [Wander] AgentA pos=(586.452, 505.027) dist=456,83566
2025-09-07T22:02:34.9598771-03:00 [SeekPickup] AgentA pos=(580.0109, 506.7466) dist=206,39743
2025-09-07T22:02:34.9744272-03:00 [Wander] AgentA pos=(586.45215, 505.02747) dist=456,8357
2025-09-07T22:02:34.9748670-03:00 [SeekPickup] AgentA pos=(580.01105, 506.74704) dist=206,39745
2025-09-07T22:02:34.9911244-03:00 [Wander] AgentA pos=(586.4522, 505.0279) dist=456,83572
2025-09-07T22:02:34.9916203-03:00 [SeekPickup] AgentA pos=(580.0111, 506.74747) dist=206,39738
2025-09-07T22:02:35.0079468-03:00 [Wander] AgentA pos=(586.4523, 505.0283) dist=456,8358
2025-09-07T22:02:35.0084446-03:00 [SeekPickup] AgentA pos=(580.01117, 506.74786) dist=206,39735
2025-09-07T22:02:35.0245122-03:00 [Wander] AgentA pos=(586.45233, 505.0287) dist=456,83582
2025-09-07T22:02:35.0249520-03:00 [SeekPickup] AgentA pos=(580.0112, 506.74823) dist=206,39731
2025-09-07T22:02:35.0426061-03:00 [Wander] AgentA pos=(586.4524, 505.02905) dist=456,83585
2025-09-07T22:02:35.0431541-03:00 [SeekPickup] AgentA pos=(580.0113, 506.7486) dist=206,3973
2025-09-07T22:02:35.0578411-03:00 [Wander] AgentA pos=(586.45245, 505.02942) dist=456,83588
2025-09-07T22:02:35.0584250-03:00 [SeekPickup] AgentA pos=(580.01135, 506.74896) dist=206,39725
2025-09-07T22:02:35.0746053-03:00 [Wander] AgentA pos=(586.4525, 505.0298) dist=456,83594
2025-09-07T22:02:35.0750642-03:00 [SeekPickup] AgentA pos=(580.0114, 506.7493) dist=206,39722
2025-09-07T22:02:35.0924762-03:00 [Wander] AgentA pos=(586.4526, 505.03012) dist=456,83594
2025-09-07T22:02:35.0929517-03:00 [SeekPickup] AgentA pos=(580.0115, 506.74963) dist=206,39719
2025-09-07T22:02:35.1095277-03:00 [Wander] AgentA pos=(586.45264, 505.03043) dist=456,83597
2025-09-07T22:02:35.1099589-03:00 [SeekPickup] AgentA pos=(580.01154, 506.74994) dist=206,39717
2025-09-07T22:02:35.1246387-03:00 [Wander] AgentA pos=(586.4527, 505.03073) dist=456,83597
2025-09-07T22:02:35.1250900-03:00 [SeekPickup] AgentA pos=(580.0116, 506.7502) dist=206,39717
2025-09-07T22:02:35.1420664-03:00 [Wander] AgentA pos=(586.45276, 505.031) dist=456,836
2025-09-07T22:02:35.1426485-03:00 [SeekPickup] AgentA pos=(580.01166, 506.7505) dist=206,39714
2025-09-07T22:02:35.1595954-03:00 [Wander] AgentA pos=(586.4528, 505.03128) dist=456,83603
2025-09-07T22:02:35.1600841-03:00 [SeekPickup] AgentA pos=(580.0117, 506.75076) dist=206,39714
2025-09-07T22:02:35.1748079-03:00 [Wander] AgentA pos=(586.4529, 505.03156) dist=456,83603
2025-09-07T22:02:35.1752950-03:00 [SeekPickup] AgentA pos=(580.0118, 506.751) dist=206,39714
2025-09-07T22:02:35.1913473-03:00 [Wander] AgentA pos=(586.45294, 505.0318) dist=456,83603
2025-09-07T22:02:35.1918546-03:00 [SeekPickup] AgentA pos=(580.01184, 506.75125) dist=206,39713
2025-09-07T22:02:35.2090720-03:00 [Wander] AgentA pos=(586.453, 505.03204) dist=456,83603
2025-09-07T22:02:35.2095846-03:00 [SeekPickup] AgentA pos=(580.0119, 506.7515) dist=206,39713
2025-09-07T22:02:35.2246208-03:00 [Wander] AgentA pos=(586.45306, 505.0323) dist=456,83606
2025-09-07T22:02:35.2250142-03:00 [SeekPickup] AgentA pos=(580.01196, 506.75174) dist=206,39711
2025-09-07T22:02:35.2412637-03:00 [Wander] AgentA pos=(586.4531, 505.03253) dist=456,83603
2025-09-07T22:02:35.2417273-03:00 [SeekPickup] AgentA pos=(580.012, 506.75195) dist=206,39711
2025-09-07T22:02:35.2580627-03:00 [Wander] AgentA pos=(586.4532, 505.0327) dist=456,83603
2025-09-07T22:02:35.2586062-03:00 [SeekPickup] AgentA pos=(580.0121, 506.75214) dist=206,39714
2025-09-07T22:02:35.2747089-03:00 [Wander] AgentA pos=(586.45325, 505.0329) dist=456,836
2025-09-07T22:02:35.2751394-03:00 [SeekPickup] AgentA pos=(580.01215, 506.75232) dist=206,39714
2025-09-07T22:02:35.2926879-03:00 [Wander] AgentA pos=(586.4533, 505.03308) dist=456,836
2025-09-07T22:02:35.2931209-03:00 [SeekPickup] AgentA pos=(580.0122, 506.7525) dist=206,39716
2025-09-07T22:02:35.3090887-03:00 [Wander] AgentA pos=(586.45337, 505.03326) dist=456,836
2025-09-07T22:02:35.3096031-03:00 [SeekPickup] AgentA pos=(580.01227, 506.7527) dist=206,39717
2025-09-07T22:02:35.3248295-03:00 [Wander] AgentA pos=(586.4534, 505.03345) dist=456,83597
2025-09-07T22:02:35.3253303-03:00 [SeekPickup] AgentA pos=(580.0123, 506.75284) dist=206,39719
2025-09-07T22:02:35.3424776-03:00 [Wander] AgentA pos=(586.4535, 505.0336) dist=456,83597
2025-09-07T22:02:35.3429144-03:00 [SeekPickup] AgentA pos=(580.0124, 506.753) dist=206,39722
2025-09-07T22:02:35.3595252-03:00 [Wander] AgentA pos=(586.45355, 505.03375) dist=456,83594
2025-09-07T22:02:35.3599266-03:00 [SeekPickup] AgentA pos=(580.01245, 506.75314) dist=206,39723
2025-09-07T22:02:35.3749517-03:00 [Wander] AgentA pos=(586.4536, 505.0339) dist=456,83594
2025-09-07T22:02:35.3755071-03:00 [SeekPickup] AgentA pos=(580.0125, 506.7533) dist=206,39725
2025-09-07T22:02:35.3925095-03:00 [Wander] AgentA pos=(586.4537, 505.03406) dist=456,83588
2025-09-07T22:02:35.3931702-03:00 [SeekPickup] AgentA pos=(580.0126, 506.75345) dist=206,39726
2025-09-07T22:02:35.3954300-03:00 [GameController] Spawned pickup (special=False) at (1111.8013, 198.48244)
2025-09-07T22:02:35.3960518-03:00 [GameController] Spawned pickup (special=False) at (1053.7368, 256.97302)
2025-09-07T22:02:35.4096397-03:00 [Wander] AgentA pos=(586.45374, 505.0342) dist=456,83588
2025-09-07T22:02:35.4101509-03:00 [SeekPickup] AgentA pos=(580.0126, 506.7536) dist=206,39723
2025-09-07T22:02:35.4249689-03:00 [Wander] AgentA pos=(586.45374, 505.03436) dist=456,83594
2025-09-07T22:02:35.4254860-03:00 [SeekPickup] AgentA pos=(580.0126, 506.75372) dist=206,3972
2025-09-07T22:02:35.4424701-03:00 [Wander] AgentA pos=(586.45374, 505.0345) dist=456,83597
2025-09-07T22:02:35.4428519-03:00 [SeekPickup] AgentA pos=(580.0126, 506.75385) dist=206,39717
2025-09-07T22:02:35.4591850-03:00 [Wander] AgentA pos=(586.45374, 505.0346) dist=456,836
2025-09-07T22:02:35.4598185-03:00 [SeekPickup] AgentA pos=(580.0126, 506.75397) dist=206,39714
2025-09-07T22:02:35.4754525-03:00 [Wander] AgentA pos=(586.45374, 505.0347) dist=456,836
2025-09-07T22:02:35.4758839-03:00 [SeekPickup] AgentA pos=(580.0126, 506.75406) dist=206,39711
2025-09-07T22:02:35.4918525-03:00 [Wander] AgentA pos=(586.45374, 505.0348) dist=456,83603
2025-09-07T22:02:35.4923999-03:00 [SeekPickup] AgentA pos=(580.0126, 506.75415) dist=206,3971
2025-09-07T22:02:35.5084256-03:00 [Wander] AgentA pos=(586.45374, 505.03488) dist=456,83606
2025-09-07T22:02:35.5088856-03:00 [SeekPickup] AgentA pos=(580.0126, 506.75424) dist=206,39706
2025-09-07T22:02:35.5250156-03:00 [Wander] AgentA pos=(586.45374, 505.03497) dist=456,8361
2025-09-07T22:02:35.5254893-03:00 [SeekPickup] AgentA pos=(580.0126, 506.75433) dist=206,39703
2025-09-07T22:02:35.5417101-03:00 [Wander] AgentA pos=(586.45374, 505.03506) dist=456,83612
2025-09-07T22:02:35.5421704-03:00 [SeekPickup] AgentA pos=(580.0126, 506.75443) dist=206,39702
2025-09-07T22:02:35.5592649-03:00 [Wander] AgentA pos=(586.45374, 505.03516) dist=456,83612
2025-09-07T22:02:35.5597178-03:00 [SeekPickup] AgentA pos=(580.0126, 506.75452) dist=206,39699
2025-09-07T22:02:35.5749534-03:00 [Wander] AgentA pos=(586.45374, 505.03525) dist=456,83615
2025-09-07T22:02:35.5754470-03:00 [SeekPickup] AgentA pos=(580.0126, 506.7546) dist=206,39697
2025-09-07T22:02:35.5929059-03:00 [Wander] AgentA pos=(586.45374, 505.03534) dist=456,83618
2025-09-07T22:02:35.5933152-03:00 [SeekPickup] AgentA pos=(580.0126, 506.7547) dist=206,39694
2025-09-07T22:02:35.6085638-03:00 [Wander] AgentA pos=(586.45374, 505.03543) dist=456,8362
2025-09-07T22:02:35.6090146-03:00 [SeekPickup] AgentA pos=(580.0126, 506.75476) dist=206,39694
2025-09-07T22:02:35.6257168-03:00 [Wander] AgentA pos=(586.45374, 505.0355) dist=456,8362
2025-09-07T22:02:35.6262896-03:00 [SeekPickup] AgentA pos=(580.0126, 506.75482) dist=206,39691
2025-09-07T22:02:35.6431237-03:00 [Wander] AgentA pos=(586.45374, 505.03555) dist=456,83624
2025-09-07T22:02:35.6437122-03:00 [SeekPickup] AgentA pos=(580.0126, 506.75488) dist=206,3969
2025-09-07T22:02:35.6586049-03:00 [Wander] AgentA pos=(586.45374, 505.0356) dist=456,83624
2025-09-07T22:02:35.6590753-03:00 [SeekPickup] AgentA pos=(580.0126, 506.75494) dist=206,3969
2025-09-07T22:02:35.6758116-03:00 [Wander] AgentA pos=(586.45374, 505.03568) dist=456,83627
2025-09-07T22:02:35.6764099-03:00 [SeekPickup] AgentA pos=(580.0126, 506.755) dist=206,39687
2025-09-07T22:02:35.6925026-03:00 [Wander] AgentA pos=(586.45374, 505.03574) dist=456,83627
2025-09-07T22:02:35.6930396-03:00 [SeekPickup] AgentA pos=(580.0126, 506.75507) dist=206,39685
2025-09-07T22:02:35.7098862-03:00 [Wander] AgentA pos=(586.45374, 505.0358) dist=456,8363
2025-09-07T22:02:35.7103433-03:00 [SeekPickup] AgentA pos=(580.0126, 506.75513) dist=206,39684
2025-09-07T22:02:35.7259184-03:00 [Wander] AgentA pos=(586.45374, 505.03586) dist=456,8363
2025-09-07T22:02:35.7264392-03:00 [SeekPickup] AgentA pos=(580.0126, 506.7552) dist=206,39682
2025-09-07T22:02:35.7418164-03:00 [Wander] AgentA pos=(586.45374, 505.03592) dist=456,83633
2025-09-07T22:02:35.7422638-03:00 [SeekPickup] AgentA pos=(580.0126, 506.75525) dist=206,3968
2025-09-07T22:02:35.7596732-03:00 [Wander] AgentA pos=(586.45374, 505.03598) dist=456,83633
2025-09-07T22:02:35.7600998-03:00 [SeekPickup] AgentA pos=(580.0126, 506.7553) dist=206,39679
2025-09-07T22:02:35.7761268-03:00 [Wander] AgentA pos=(586.45374, 505.03604) dist=456,83636
2025-09-07T22:02:35.7765594-03:00 [SeekPickup] AgentA pos=(580.0126, 506.75537) dist=206,39677
2025-09-07T22:02:35.7919728-03:00 [Wander] AgentA pos=(586.45374, 505.0361) dist=456,83636
2025-09-07T22:02:35.7926152-03:00 [SeekPickup] AgentA pos=(580.0126, 506.75543) dist=206,39676
2025-09-07T22:02:35.8085803-03:00 [Wander] AgentA pos=(586.45374, 505.03616) dist=456,8364
2025-09-07T22:02:35.8090566-03:00 [SeekPickup] AgentA pos=(580.0126, 506.7555) dist=206,39674
2025-09-07T22:02:35.8252880-03:00 [Wander] AgentA pos=(586.45374, 505.03622) dist=456,8364
2025-09-07T22:02:35.8257698-03:00 [SeekPickup] AgentA pos=(580.0126, 506.75555) dist=206,39673
2025-09-07T22:02:35.8427313-03:00 [Wander] AgentA pos=(586.45374, 505.0363) dist=456,83643
2025-09-07T22:02:35.8433455-03:00 [SeekPickup] AgentA pos=(580.0126, 506.7556) dist=206,39671
2025-09-07T22:02:35.8585473-03:00 [Wander] AgentA pos=(586.45374, 505.03635) dist=456,83643
2025-09-07T22:02:35.8589689-03:00 [SeekPickup] AgentA pos=(580.0126, 506.75568) dist=206,3967
2025-09-07T22:02:35.8753524-03:00 [Wander] AgentA pos=(586.45374, 505.0364) dist=456,83646
2025-09-07T22:02:35.8759515-03:00 [SeekPickup] AgentA pos=(580.0126, 506.75574) dist=206,39668
2025-09-07T22:02:35.8931507-03:00 [Wander] AgentA pos=(586.45374, 505.03647) dist=456,8365
2025-09-07T22:02:35.8937645-03:00 [SeekPickup] AgentA pos=(580.0126, 506.75577) dist=206,39667
2025-09-07T22:02:35.9088323-03:00 [Wander] AgentA pos=(586.45374, 505.0365) dist=456,8365
2025-09-07T22:02:35.9092820-03:00 [SeekPickup] AgentA pos=(580.0126, 506.7558) dist=206,39667
2025-09-07T22:02:35.9260372-03:00 [Wander] AgentA pos=(586.45374, 505.03653) dist=456,8365
2025-09-07T22:02:35.9265958-03:00 [SeekPickup] AgentA pos=(580.0126, 506.75583) dist=206,39665
2025-09-07T22:02:35.9426861-03:00 [Wander] AgentA pos=(586.45374, 505.03656) dist=456,8365
2025-09-07T22:02:35.9431774-03:00 [SeekPickup] AgentA pos=(580.0126, 506.75586) dist=206,39665
2025-09-07T22:02:35.9588294-03:00 [Wander] AgentA pos=(586.45374, 505.0366) dist=456,83652
2025-09-07T22:02:35.9593566-03:00 [SeekPickup] AgentA pos=(580.0126, 506.7559) dist=206,39664
2025-09-07T22:02:35.9760028-03:00 [Wander] AgentA pos=(586.45374, 505.03662) dist=456,83652
2025-09-07T22:02:35.9764117-03:00 [SeekPickup] AgentA pos=(580.0126, 506.75592) dist=206,39664
2025-09-07T22:02:35.9929592-03:00 [Wander] AgentA pos=(586.45374, 505.03665) dist=456,83652
2025-09-07T22:02:35.9933964-03:00 [SeekPickup] AgentA pos=(580.0126, 506.75595) dist=206,39662
2025-09-07T22:02:36.0088503-03:00 [Wander] AgentA pos=(586.45374, 505.03668) dist=456,83652
2025-09-07T22:02:36.0092366-03:00 [SeekPickup] AgentA pos=(580.0126, 506.75598) dist=206,39662
2025-09-07T22:02:36.0259877-03:00 [Wander] AgentA pos=(586.45374, 505.0367) dist=456,83652
2025-09-07T22:02:36.0265506-03:00 [SeekPickup] AgentA pos=(580.0126, 506.756) dist=206,39662
2025-09-07T22:02:36.0422081-03:00 [Wander] AgentA pos=(586.45374, 505.03674) dist=456,83655
2025-09-07T22:02:36.0426958-03:00 [SeekPickup] AgentA pos=(580.0126, 506.75604) dist=206,3966
2025-09-07T22:02:36.0592226-03:00 [Wander] AgentA pos=(586.45374, 505.03677) dist=456,83655
2025-09-07T22:02:36.0598456-03:00 [SeekPickup] AgentA pos=(580.0126, 506.75607) dist=206,39659
2025-09-07T22:02:36.0762177-03:00 [Wander] AgentA pos=(586.45374, 505.0368) dist=456,83655
2025-09-07T22:02:36.0766621-03:00 [SeekPickup] AgentA pos=(580.0126, 506.7561) dist=206,39659
2025-09-07T22:02:36.0922410-03:00 [Wander] AgentA pos=(586.45374, 505.03683) dist=456,83655
2025-09-07T22:02:36.0927649-03:00 [SeekPickup] AgentA pos=(580.0126, 506.75613) dist=206,39658
2025-09-07T22:02:36.1092638-03:00 [Wander] AgentA pos=(586.45374, 505.03683) dist=456,83655
2025-09-07T22:02:36.1096781-03:00 [SeekPickup] AgentA pos=(580.0126, 506.75613) dist=206,39658
2025-09-07T22:02:36.1261141-03:00 [Wander] AgentA pos=(586.45374, 505.03683) dist=456,83655
2025-09-07T22:02:36.1266325-03:00 [SeekPickup] AgentA pos=(580.0126, 506.75613) dist=206,39658
2025-09-07T22:02:36.1423680-03:00 [Wander] AgentA pos=(586.45374, 505.03683) dist=456,83655
2025-09-07T22:02:36.1429619-03:00 [SeekPickup] AgentA pos=(580.0126, 506.75613) dist=206,39658
2025-09-07T22:02:36.1595664-03:00 [Wander] AgentA pos=(586.45374, 505.03683) dist=456,83655
2025-09-07T22:02:36.1599431-03:00 [SeekPickup] AgentA pos=(580.0126, 506.75613) dist=206,39658
2025-09-07T22:02:36.1756795-03:00 [Wander] AgentA pos=(586.45374, 505.03683) dist=456,83655
2025-09-07T22:02:36.1760916-03:00 [SeekPickup] AgentA pos=(580.0126, 506.75613) dist=206,39658
2025-09-07T22:02:36.1929953-03:00 [Wander] AgentA pos=(586.45374, 505.03683) dist=456,83655
2025-09-07T22:02:36.1934185-03:00 [SeekPickup] AgentA pos=(580.0126, 506.75613) dist=206,39658
2025-09-07T22:02:36.2096176-03:00 [Wander] AgentA pos=(586.45374, 505.03683) dist=456,83655
2025-09-07T22:02:36.2099925-03:00 [SeekPickup] AgentA pos=(580.0126, 506.75613) dist=206,39658
2025-09-07T22:02:36.2256205-03:00 [Wander] AgentA pos=(586.45374, 505.03683) dist=456,83655
2025-09-07T22:02:36.2260414-03:00 [SeekPickup] AgentA pos=(580.0126, 506.75613) dist=206,39658
2025-09-07T22:02:36.2437765-03:00 [Wander] AgentA pos=(586.45374, 505.03683) dist=456,83655
2025-09-07T22:02:36.2442210-03:00 [SeekPickup] AgentA pos=(580.0126, 506.75613) dist=206,39658
2025-09-07T22:02:36.2593731-03:00 [Wander] AgentA pos=(586.45374, 505.03683) dist=456,83655
2025-09-07T22:02:36.2598227-03:00 [SeekPickup] AgentA pos=(580.0126, 506.75613) dist=206,39658
2025-09-07T22:02:36.2764315-03:00 [Wander] AgentA pos=(586.45374, 505.03683) dist=456,83655
2025-09-07T22:02:36.2768847-03:00 [SeekPickup] AgentA pos=(580.0126, 506.75613) dist=206,39658
2025-09-07T22:02:36.2934514-03:00 [Wander] AgentA pos=(586.45374, 505.03683) dist=456,83655
2025-09-07T22:02:36.2938269-03:00 [SeekPickup] AgentA pos=(580.0126, 506.75613) dist=206,39658
2025-09-07T22:02:36.3094572-03:00 [Wander] AgentA pos=(586.45374, 505.03683) dist=456,83655
2025-09-07T22:02:36.3099220-03:00 [SeekPickup] AgentA pos=(580.0126, 506.75613) dist=206,39658
2025-09-07T22:02:36.3266027-03:00 [Wander] AgentA pos=(586.45374, 505.03683) dist=456,83655
2025-09-07T22:02:36.3271296-03:00 [SeekPickup] AgentA pos=(580.0126, 506.75613) dist=206,39658
2025-09-07T22:02:36.3431660-03:00 [Wander] AgentA pos=(586.45374, 505.03683) dist=456,83655
2025-09-07T22:02:36.3435551-03:00 [SeekPickup] AgentA pos=(580.0126, 506.75613) dist=206,39658
2025-09-07T22:02:36.3593640-03:00 [Wander] AgentA pos=(586.45374, 505.03683) dist=456,83655
2025-09-07T22:02:36.3598280-03:00 [SeekPickup] AgentA pos=(580.0126, 506.75613) dist=206,39658
2025-09-07T22:02:36.3765947-03:00 [Wander] AgentA pos=(586.45374, 505.03683) dist=456,83655
2025-09-07T22:02:36.3770545-03:00 [SeekPickup] AgentA pos=(580.0126, 506.75613) dist=206,39658
2025-09-07T22:02:36.3927164-03:00 [Wander] AgentA pos=(586.45374, 505.03683) dist=456,83655
2025-09-07T22:02:36.3932209-03:00 [SeekPickup] AgentA pos=(580.0126, 506.75613) dist=206,39658
2025-09-07T22:02:36.4098890-03:00 [Wander] AgentA pos=(586.45374, 505.03683) dist=456,83655
2025-09-07T22:02:36.4104456-03:00 [SeekPickup] AgentA pos=(580.0126, 506.75613) dist=206,39658
2025-09-07T22:02:36.4126020-03:00 [GameController] Spawned pickup (special=False) at (929.6909, 252.34238)
2025-09-07T22:02:36.4130843-03:00 [GameController] Spawned pickup (special=False) at (54.36801, 73.21086)
2025-09-07T22:02:36.4266316-03:00 [Wander] AgentA pos=(586.45374, 505.03683) dist=456,83655
2025-09-07T22:02:36.4271231-03:00 [SeekPickup] AgentA pos=(580.0126, 506.75613) dist=206,39658
2025-09-07T22:02:36.4427142-03:00 [Wander] AgentA pos=(586.45374, 505.03683) dist=456,83655
2025-09-07T22:02:36.4432815-03:00 [SeekPickup] AgentA pos=(580.0126, 506.75613) dist=206,39658
2025-09-07T22:02:36.4599557-03:00 [Wander] AgentA pos=(586.45374, 505.03683) dist=456,83655
2025-09-07T22:02:36.4604835-03:00 [SeekPickup] AgentA pos=(580.0126, 506.75613) dist=206,39658
2025-09-07T22:02:36.4767268-03:00 [Wander] AgentA pos=(586.45374, 505.03683) dist=456,83655
2025-09-07T22:02:36.4771029-03:00 [SeekPickup] AgentA pos=(580.0126, 506.75613) dist=206,39658
2025-09-07T22:02:36.4927121-03:00 [Wander] AgentA pos=(586.45374, 505.03683) dist=456,83655
2025-09-07T22:02:36.4932148-03:00 [SeekPickup] AgentA pos=(580.0126, 506.75613) dist=206,39658
2025-09-07T22:02:36.5099517-03:00 [Wander] AgentA pos=(586.45374, 505.03683) dist=456,83655
2025-09-07T22:02:36.5103494-03:00 [SeekPickup] AgentA pos=(580.0126, 506.75613) dist=206,39658
2025-09-07T22:02:36.5260255-03:00 [Wander] AgentA pos=(586.45374, 505.03683) dist=456,83655
2025-09-07T22:02:36.5265088-03:00 [SeekPickup] AgentA pos=(580.0126, 506.75613) dist=206,39658
2025-09-07T22:02:36.5432197-03:00 [Wander] AgentA pos=(586.45374, 505.03683) dist=456,83655
2025-09-07T22:02:36.5436284-03:00 [SeekPickup] AgentA pos=(580.0126, 506.75613) dist=206,39658
2025-09-07T22:02:36.5598945-03:00 [Wander] AgentA pos=(586.45374, 505.03683) dist=456,83655
2025-09-07T22:02:36.5606163-03:00 [SeekPickup] AgentA pos=(580.0126, 506.75613) dist=206,39658
2025-09-07T22:02:36.5760103-03:00 [Wander] AgentA pos=(586.45374, 505.03683) dist=456,83655
2025-09-07T22:02:36.5764272-03:00 [SeekPickup] AgentA pos=(580.0126, 506.75613) dist=206,39658
2025-09-07T22:02:36.5932153-03:00 [Wander] AgentA pos=(586.45374, 505.03683) dist=456,83655
2025-09-07T22:02:36.5936263-03:00 [SeekPickup] AgentA pos=(580.0126, 506.75613) dist=206,39658
2025-09-07T22:02:36.6095361-03:00 [Wander] AgentA pos=(586.45374, 505.03683) dist=456,83655
2025-09-07T22:02:36.6100550-03:00 [SeekPickup] AgentA pos=(580.0126, 506.75613) dist=206,39658
2025-09-07T22:02:36.6265444-03:00 [Wander] AgentA pos=(586.45374, 505.03683) dist=456,83655
2025-09-07T22:02:36.6271182-03:00 [SeekPickup] AgentA pos=(580.0126, 506.75613) dist=206,39658
2025-09-07T22:02:36.6433142-03:00 [Wander] AgentA pos=(586.45374, 505.03683) dist=456,83655
2025-09-07T22:02:36.6437592-03:00 [SeekPickup] AgentA pos=(580.0126, 506.75613) dist=206,39658
2025-09-07T22:02:36.6596076-03:00 [Wander] AgentA pos=(586.45374, 505.03683) dist=456,83655
2025-09-07T22:02:36.6600757-03:00 [SeekPickup] AgentA pos=(580.0126, 506.75613) dist=206,39658
2025-09-07T22:02:36.6765623-03:00 [Wander] AgentA pos=(586.45374, 505.03683) dist=456,83655
2025-09-07T22:02:36.6771280-03:00 [SeekPickup] AgentA pos=(580.0126, 506.75613) dist=206,39658
2025-09-07T22:02:36.6933156-03:00 [Wander] AgentA pos=(586.45374, 505.03683) dist=456,83655
2025-09-07T22:02:36.6939693-03:00 [SeekPickup] AgentA pos=(580.0126, 506.75613) dist=206,39658
2025-09-07T22:02:36.7096345-03:00 [Wander] AgentA pos=(586.45374, 505.03683) dist=456,83655
2025-09-07T22:02:36.7101595-03:00 [SeekPickup] AgentA pos=(580.0126, 506.75613) dist=206,39658
2025-09-07T22:02:36.7266522-03:00 [Wander] AgentA pos=(586.45374, 505.03683) dist=456,83655
2025-09-07T22:02:36.7273676-03:00 [SeekPickup] AgentA pos=(580.0126, 506.75613) dist=206,39658
2025-09-07T22:02:36.7430774-03:00 [Wander] AgentA pos=(586.45374, 505.03683) dist=456,83655
2025-09-07T22:02:36.7435810-03:00 [SeekPickup] AgentA pos=(580.0126, 506.75613) dist=206,39658
2025-09-07T22:02:36.7600310-03:00 [Wander] AgentA pos=(586.45374, 505.03683) dist=456,83655
2025-09-07T22:02:36.7606056-03:00 [SeekPickup] AgentA pos=(580.0126, 506.75613) dist=206,39658
2025-09-07T22:02:36.7766038-03:00 [Wander] AgentA pos=(586.45374, 505.03683) dist=456,83655
2025-09-07T22:02:36.7769840-03:00 [SeekPickup] AgentA pos=(580.0126, 506.75613) dist=206,39658
2025-09-07T22:02:36.7931743-03:00 [Wander] AgentA pos=(586.45374, 505.03683) dist=456,83655
2025-09-07T22:02:36.7936670-03:00 [SeekPickup] AgentA pos=(580.0126, 506.75613) dist=206,39658
2025-09-07T22:02:36.8099551-03:00 [Wander] AgentA pos=(586.45374, 505.03683) dist=456,83655
2025-09-07T22:02:36.8104656-03:00 [SeekPickup] AgentA pos=(580.0126, 506.75613) dist=206,39658
2025-09-07T22:02:36.8263921-03:00 [Wander] AgentA pos=(586.45374, 505.03683) dist=456,83655
2025-09-07T22:02:36.8269036-03:00 [SeekPickup] AgentA pos=(580.0126, 506.75613) dist=206,39658
2025-09-07T22:02:36.8435074-03:00 [Wander] AgentA pos=(586.45374, 505.03683) dist=456,83655
2025-09-07T22:02:36.8440759-03:00 [SeekPickup] AgentA pos=(580.0126, 506.75613) dist=206,39658
2025-09-07T22:02:36.8599217-03:00 [Wander] AgentA pos=(586.45374, 505.03683) dist=456,83655
2025-09-07T22:02:36.8604377-03:00 [SeekPickup] AgentA pos=(580.0126, 506.75613) dist=206,39658
2025-09-07T22:02:36.8761892-03:00 [Wander] AgentA pos=(586.45374, 505.03683) dist=456,83655
2025-09-07T22:02:36.8766186-03:00 [SeekPickup] AgentA pos=(580.0126, 506.75613) dist=206,39658
2025-09-07T22:02:36.8931603-03:00 [Wander] AgentA pos=(586.45374, 505.03683) dist=456,83655
2025-09-07T22:02:36.8936591-03:00 [SeekPickup] AgentA pos=(580.0126, 506.75613) dist=206,39658
2025-09-07T22:02:36.9101142-03:00 [Wander] AgentA pos=(586.45374, 505.03683) dist=456,83655
2025-09-07T22:02:36.9106365-03:00 [SeekPickup] AgentA pos=(580.0126, 506.75613) dist=206,39658
2025-09-07T22:02:36.9265366-03:00 [Wander] AgentA pos=(586.45374, 505.03683) dist=456,83655
2025-09-07T22:02:36.9270633-03:00 [SeekPickup] AgentA pos=(580.0126, 506.75613) dist=206,39658
2025-09-07T22:02:36.9430786-03:00 [Wander] AgentA pos=(586.45374, 505.03683) dist=456,83655
2025-09-07T22:02:36.9435330-03:00 [SeekPickup] AgentA pos=(580.0126, 506.75613) dist=206,39658
2025-09-07T22:02:36.9598967-03:00 [Wander] AgentA pos=(586.45374, 505.03683) dist=456,83655
2025-09-07T22:02:36.9603749-03:00 [SeekPickup] AgentA pos=(580.0126, 506.75613) dist=206,39658
2025-09-07T22:02:36.9769121-03:00 [Wander] AgentA pos=(586.45374, 505.03683) dist=456,83655
2025-09-07T22:02:36.9775892-03:00 [SeekPickup] AgentA pos=(580.0126, 506.75613) dist=206,39658
2025-09-07T22:02:36.9936591-03:00 [Wander] AgentA pos=(586.45374, 505.03683) dist=456,83655
2025-09-07T22:02:36.9941880-03:00 [SeekPickup] AgentA pos=(580.0126, 506.75613) dist=206,39658
2025-09-07T22:02:37.0098660-03:00 [Wander] AgentA pos=(586.45374, 505.03683) dist=456,83655
2025-09-07T22:02:37.0102878-03:00 [SeekPickup] AgentA pos=(580.0126, 506.75613) dist=206,39658
2025-09-07T22:02:37.0268859-03:00 [Wander] AgentA pos=(586.45374, 505.03683) dist=456,83655
2025-09-07T22:02:37.0273780-03:00 [SeekPickup] AgentA pos=(580.0126, 506.75613) dist=206,39658
2025-09-07T22:02:37.0437703-03:00 [Wander] AgentA pos=(586.45374, 505.03683) dist=456,83655
2025-09-07T22:02:37.0441959-03:00 [SeekPickup] AgentA pos=(580.0126, 506.75613) dist=206,39658
2025-09-07T22:02:37.0598400-03:00 [Wander] AgentA pos=(586.45374, 505.03683) dist=456,83655
2025-09-07T22:02:37.0602368-03:00 [SeekPickup] AgentA pos=(580.0126, 506.75613) dist=206,39658
2025-09-07T22:02:37.0768916-03:00 [Wander] AgentA pos=(586.45374, 505.03683) dist=456,83655
2025-09-07T22:02:37.0773216-03:00 [SeekPickup] AgentA pos=(580.0126, 506.75613) dist=206,39658
2025-09-07T22:02:37.0933543-03:00 [Wander] AgentA pos=(586.45374, 505.03683) dist=456,83655
2025-09-07T22:02:37.0938143-03:00 [SeekPickup] AgentA pos=(580.0126, 506.75613) dist=206,39658
2025-09-07T22:02:37.1103989-03:00 [Wander] AgentA pos=(586.45374, 505.03683) dist=456,83655
2025-09-07T22:02:37.1109971-03:00 [SeekPickup] AgentA pos=(580.0126, 506.75613) dist=206,39658
2025-09-07T22:02:37.1269341-03:00 [Wander] AgentA pos=(586.45374, 505.03683) dist=456,83655
2025-09-07T22:02:37.1274486-03:00 [SeekPickup] AgentA pos=(580.0126, 506.75613) dist=206,39658
2025-09-07T22:02:37.1434818-03:00 [Wander] AgentA pos=(586.45374, 505.03683) dist=456,83655
2025-09-07T22:02:37.1439812-03:00 [SeekPickup] AgentA pos=(580.0126, 506.75613) dist=206,39658
2025-09-07T22:02:37.1604376-03:00 [Wander] AgentA pos=(586.45374, 505.03683) dist=456,83655
2025-09-07T22:02:37.1610549-03:00 [SeekPickup] AgentA pos=(580.0126, 506.75613) dist=206,39658
2025-09-07T22:02:37.1770821-03:00 [Wander] AgentA pos=(586.45374, 505.03683) dist=456,83655
2025-09-07T22:02:37.1775321-03:00 [SeekPickup] AgentA pos=(580.0126, 506.75613) dist=206,39658
2025-09-07T22:02:37.1935413-03:00 [Wander] AgentA pos=(586.45374, 505.03683) dist=456,83655
2025-09-07T22:02:37.1940223-03:00 [SeekPickup] AgentA pos=(580.0126, 506.75613) dist=206,39658
2025-09-07T22:02:37.2107176-03:00 [Wander] AgentA pos=(586.45374, 505.03683) dist=456,83655
2025-09-07T22:02:37.2111637-03:00 [SeekPickup] AgentA pos=(580.0126, 506.75613) dist=206,39658
2025-09-07T22:02:37.2269097-03:00 [Wander] AgentA pos=(586.45374, 505.03683) dist=456,83655
2025-09-07T22:02:37.2274467-03:00 [SeekPickup] AgentA pos=(580.0126, 506.75613) dist=206,39658
2025-09-07T22:02:37.2434863-03:00 [Wander] AgentA pos=(586.45374, 505.03683) dist=456,83655
2025-09-07T22:02:37.2439371-03:00 [SeekPickup] AgentA pos=(580.0126, 506.75613) dist=206,39658
2025-09-07T22:02:37.2600973-03:00 [Wander] AgentA pos=(586.45374, 505.03683) dist=456,83655
2025-09-07T22:02:37.2604889-03:00 [SeekPickup] AgentA pos=(580.0126, 506.75613) dist=206,39658
2025-09-07T22:02:37.2771952-03:00 [Wander] AgentA pos=(586.45374, 505.03683) dist=456,83655
2025-09-07T22:02:37.2776770-03:00 [SeekPickup] AgentA pos=(580.0126, 506.75613) dist=206,39658
2025-09-07T22:02:37.2938098-03:00 [Wander] AgentA pos=(586.45374, 505.03683) dist=456,83655
2025-09-07T22:02:37.2943772-03:00 [SeekPickup] AgentA pos=(580.0126, 506.75613) dist=206,39658
2025-09-07T22:02:37.3104363-03:00 [Wander] AgentA pos=(586.45374, 505.03683) dist=456,83655
2025-09-07T22:02:37.3109649-03:00 [SeekPickup] AgentA pos=(580.0126, 506.75613) dist=206,39658
2025-09-07T22:02:37.3272816-03:00 [Wander] AgentA pos=(586.45374, 505.03683) dist=456,83655
2025-09-07T22:02:37.3278988-03:00 [SeekPickup] AgentA pos=(580.0126, 506.75613) dist=206,39658
2025-09-07T22:02:37.3440547-03:00 [Wander] AgentA pos=(586.45374, 505.03683) dist=456,83655
2025-09-07T22:02:37.3446207-03:00 [SeekPickup] AgentA pos=(580.0126, 506.75613) dist=206,39658
2025-09-07T22:02:37.3601889-03:00 [Wander] AgentA pos=(586.45374, 505.03683) dist=456,83655
2025-09-07T22:02:37.3606768-03:00 [SeekPickup] AgentA pos=(580.0126, 506.75613) dist=206,39658
2025-09-07T22:02:37.3772577-03:00 [Wander] AgentA pos=(586.45374, 505.03683) dist=456,83655
2025-09-07T22:02:37.3777183-03:00 [SeekPickup] AgentA pos=(580.0126, 506.75613) dist=206,39658
2025-09-07T22:02:37.3936906-03:00 [Wander] AgentA pos=(586.45374, 505.03683) dist=456,83655
2025-09-07T22:02:37.3941769-03:00 [SeekPickup] AgentA pos=(580.0126, 506.75613) dist=206,39658
2025-09-07T22:02:37.4106696-03:00 [Wander] AgentA pos=(586.45374, 505.03683) dist=456,83655
2025-09-07T22:02:37.4110936-03:00 [SeekPickup] AgentA pos=(580.0126, 506.75613) dist=206,39658
2025-09-07T22:02:37.4269930-03:00 [Wander] AgentA pos=(586.45374, 505.03683) dist=456,83655
2025-09-07T22:02:37.4274507-03:00 [SeekPickup] AgentA pos=(580.0126, 506.75613) dist=206,39658
2025-09-07T22:02:37.4301190-03:00 [GameController] Spawned pickup (special=False) at (695.5252, 95.7854)
2025-09-07T22:02:37.4307493-03:00 [GameController] Spawned pickup (special=False) at (1207.7139, 111.47144)
2025-09-07T22:02:37.4440632-03:00 [Wander] AgentA pos=(586.45374, 505.03683) dist=456,83655
2025-09-07T22:02:37.4444863-03:00 [SeekPickup] AgentA pos=(580.0126, 506.75613) dist=206,39658
2025-09-07T22:02:37.4604126-03:00 [Wander] AgentA pos=(586.45374, 505.03683) dist=456,83655
2025-09-07T22:02:37.4608223-03:00 [SeekPickup] AgentA pos=(580.0126, 506.75613) dist=206,39658
2025-09-07T22:02:37.4769792-03:00 [Wander] AgentA pos=(586.45374, 505.03683) dist=456,83655
2025-09-07T22:02:37.4773744-03:00 [SeekPickup] AgentA pos=(580.0126, 506.75613) dist=206,39658
2025-09-07T22:02:37.4939520-03:00 [Wander] AgentA pos=(586.45374, 505.03683) dist=456,83655
2025-09-07T22:02:37.4943538-03:00 [SeekPickup] AgentA pos=(580.0126, 506.75613) dist=206,39658
2025-09-07T22:02:37.5107445-03:00 [Wander] AgentA pos=(586.45374, 505.03683) dist=456,83655
2025-09-07T22:02:37.5111762-03:00 [SeekPickup] AgentA pos=(580.0126, 506.75613) dist=206,39658
2025-09-07T22:02:37.5271060-03:00 [Wander] AgentA pos=(586.45374, 505.03683) dist=456,83655
2025-09-07T22:02:37.5276886-03:00 [SeekPickup] AgentA pos=(580.0126, 506.75613) dist=206,39658
2025-09-07T22:02:37.5441025-03:00 [Wander] AgentA pos=(586.45374, 505.03683) dist=456,83655
2025-09-07T22:02:37.5444873-03:00 [SeekPickup] AgentA pos=(580.0126, 506.75613) dist=206,39658
2025-09-07T22:02:37.5603126-03:00 [Wander] AgentA pos=(586.45374, 505.03683) dist=456,83655
2025-09-07T22:02:37.5607609-03:00 [SeekPickup] AgentA pos=(580.0126, 506.75613) dist=206,39658
2025-09-07T22:02:37.5773049-03:00 [Wander] AgentA pos=(586.45374, 505.03683) dist=456,83655
2025-09-07T22:02:37.5777057-03:00 [SeekPickup] AgentA pos=(580.0126, 506.75613) dist=206,39658
2025-09-07T22:02:37.5939270-03:00 [Wander] AgentA pos=(586.45374, 505.03683) dist=456,83655
2025-09-07T22:02:37.5944055-03:00 [SeekPickup] AgentA pos=(580.0126, 506.75613) dist=206,39658
2025-09-07T22:02:37.6104716-03:00 [Wander] AgentA pos=(586.45374, 505.03683) dist=456,83655
2025-09-07T22:02:37.6108753-03:00 [SeekPickup] AgentA pos=(580.0126, 506.75613) dist=206,39658
2025-09-07T22:02:37.6270350-03:00 [Wander] AgentA pos=(586.45374, 505.03683) dist=456,83655
2025-09-07T22:02:37.6274827-03:00 [SeekPickup] AgentA pos=(580.0126, 506.75613) dist=206,39658
2025-09-07T22:02:37.6439319-03:00 [Wander] AgentA pos=(586.45374, 505.03683) dist=456,83655
2025-09-07T22:02:37.6443273-03:00 [SeekPickup] AgentA pos=(580.0126, 506.75613) dist=206,39658
2025-09-07T22:02:37.6609445-03:00 [Wander] AgentA pos=(586.45374, 505.03683) dist=456,83655
2025-09-07T22:02:37.6614027-03:00 [SeekPickup] AgentA pos=(580.0126, 506.75613) dist=206,39658
2025-09-07T22:02:37.6772185-03:00 [Wander] AgentA pos=(586.45374, 505.03683) dist=456,83655
2025-09-07T22:02:37.6777835-03:00 [SeekPickup] AgentA pos=(580.0126, 506.75613) dist=206,39658
2025-09-07T22:02:37.6944374-03:00 [Wander] AgentA pos=(586.45374, 505.03683) dist=456,83655
2025-09-07T22:02:37.6949806-03:00 [SeekPickup] AgentA pos=(580.0126, 506.75613) dist=206,39658
2025-09-07T22:02:37.7110815-03:00 [Wander] AgentA pos=(586.45374, 505.03683) dist=456,83655
2025-09-07T22:02:37.7114724-03:00 [SeekPickup] AgentA pos=(580.0126, 506.75613) dist=206,39658
2025-09-07T22:02:37.7275816-03:00 [Wander] AgentA pos=(586.45374, 505.03683) dist=456,83655
2025-09-07T22:02:37.7280677-03:00 [SeekPickup] AgentA pos=(580.0126, 506.75613) dist=206,39658
2025-09-07T22:02:37.7440704-03:00 [Wander] AgentA pos=(586.45374, 505.03683) dist=456,83655
2025-09-07T22:02:37.7445969-03:00 [SeekPickup] AgentA pos=(580.0126, 506.75613) dist=206,39658
2025-09-07T22:02:37.7608522-03:00 [Wander] AgentA pos=(586.45374, 505.03683) dist=456,83655
2025-09-07T22:02:37.7614061-03:00 [SeekPickup] AgentA pos=(580.0126, 506.75613) dist=206,39658
2025-09-07T22:02:37.7772192-03:00 [Wander] AgentA pos=(586.45374, 505.03683) dist=456,83655
2025-09-07T22:02:37.7776577-03:00 [SeekPickup] AgentA pos=(580.0126, 506.75613) dist=206,39658
2025-09-07T22:02:37.7941137-03:00 [Wander] AgentA pos=(586.45374, 505.03683) dist=456,83655
2025-09-07T22:02:37.7946095-03:00 [SeekPickup] AgentA pos=(580.0126, 506.75613) dist=206,39658
2025-09-07T22:02:37.8109182-03:00 [Wander] AgentA pos=(586.45374, 505.03683) dist=456,83655
2025-09-07T22:02:37.8113602-03:00 [SeekPickup] AgentA pos=(580.0126, 506.75613) dist=206,39658
2025-09-07T22:02:37.8277237-03:00 [Wander] AgentA pos=(586.45374, 505.03683) dist=456,83655
2025-09-07T22:02:37.8283133-03:00 [SeekPickup] AgentA pos=(580.0126, 506.75613) dist=206,39658
2025-09-07T22:02:37.8444606-03:00 [Wander] AgentA pos=(586.45374, 505.03683) dist=456,83655
2025-09-07T22:02:37.8450651-03:00 [SeekPickup] AgentA pos=(580.0126, 506.75613) dist=206,39658
2025-09-07T22:02:37.8606535-03:00 [Wander] AgentA pos=(586.45374, 505.03683) dist=456,83655
2025-09-07T22:02:37.8611419-03:00 [SeekPickup] AgentA pos=(580.0126, 506.75613) dist=206,39658
2025-09-07T22:02:37.8777575-03:00 [Wander] AgentA pos=(586.45374, 505.03683) dist=456,83655
2025-09-07T22:02:37.8782927-03:00 [SeekPickup] AgentA pos=(580.0126, 506.75613) dist=206,39658
2025-09-07T22:02:37.8940999-03:00 [Wander] AgentA pos=(586.45374, 505.03683) dist=456,83655
2025-09-07T22:02:37.8945248-03:00 [SeekPickup] AgentA pos=(580.0126, 506.75613) dist=206,39658
2025-09-07T22:02:37.9107565-03:00 [Wander] AgentA pos=(586.45374, 505.03683) dist=456,83655
2025-09-07T22:02:37.9111790-03:00 [SeekPickup] AgentA pos=(580.0126, 506.75613) dist=206,39658
2025-09-07T22:02:37.9275067-03:00 [Wander] AgentA pos=(586.45374, 505.03683) dist=456,83655
2025-09-07T22:02:37.9280961-03:00 [SeekPickup] AgentA pos=(580.0126, 506.75613) dist=206,39658
2025-09-07T22:02:37.9444218-03:00 [Wander] AgentA pos=(586.45374, 505.03683) dist=456,83655
2025-09-07T22:02:37.9448230-03:00 [SeekPickup] AgentA pos=(580.0126, 506.75613) dist=206,39658
2025-09-07T22:02:37.9613506-03:00 [Wander] AgentA pos=(586.45374, 505.03683) dist=456,83655
2025-09-07T22:02:37.9618166-03:00 [SeekPickup] AgentA pos=(580.0126, 506.75613) dist=206,39658
2025-09-07T22:02:37.9774936-03:00 [Wander] AgentA pos=(586.45374, 505.03683) dist=456,83655
2025-09-07T22:02:37.9779868-03:00 [SeekPickup] AgentA pos=(580.0126, 506.75613) dist=206,39658
2025-09-07T22:02:37.9943044-03:00 [Wander] AgentA pos=(586.45374, 505.03683) dist=456,83655
2025-09-07T22:02:37.9947677-03:00 [SeekPickup] AgentA pos=(580.0126, 506.75613) dist=206,39658
2025-09-07T22:02:38.0111412-03:00 [Wander] AgentA pos=(586.45374, 505.03683) dist=456,83655
2025-09-07T22:02:38.0115546-03:00 [SeekPickup] AgentA pos=(580.0126, 506.75613) dist=206,39658
2025-09-07T22:02:38.0276439-03:00 [Wander] AgentA pos=(586.45374, 505.03683) dist=456,83655
2025-09-07T22:02:38.0282320-03:00 [SeekPickup] AgentA pos=(580.0126, 506.75613) dist=206,39658
2025-09-07T22:02:38.0449240-03:00 [Wander] AgentA pos=(586.45374, 505.03683) dist=456,83655
2025-09-07T22:02:38.0453308-03:00 [SeekPickup] AgentA pos=(580.0126, 506.75613) dist=206,39658
2025-09-07T22:02:38.0608859-03:00 [Wander] AgentA pos=(586.45374, 505.03683) dist=456,83655
2025-09-07T22:02:38.0613334-03:00 [SeekPickup] AgentA pos=(580.0126, 506.75613) dist=206,39658
2025-09-07T22:02:38.0776372-03:00 [Wander] AgentA pos=(586.45374, 505.03683) dist=456,83655
2025-09-07T22:02:38.0781244-03:00 [SeekPickup] AgentA pos=(580.0126, 506.75613) dist=206,39658
2025-09-07T22:02:38.0947836-03:00 [Wander] AgentA pos=(586.45374, 505.03683) dist=456,83655
2025-09-07T22:02:38.0953395-03:00 [SeekPickup] AgentA pos=(580.0126, 506.75613) dist=206,39658
2025-09-07T22:02:38.1110627-03:00 [Wander] AgentA pos=(586.45374, 505.03683) dist=456,83655
2025-09-07T22:02:38.1115437-03:00 [SeekPickup] AgentA pos=(580.0126, 506.75613) dist=206,39658
2025-09-07T22:02:38.1280393-03:00 [Wander] AgentA pos=(586.45374, 505.03683) dist=456,83655
2025-09-07T22:02:38.1286351-03:00 [SeekPickup] AgentA pos=(580.0126, 506.75613) dist=206,39658
2025-09-07T22:02:38.1448864-03:00 [Wander] AgentA pos=(586.45374, 505.03683) dist=456,83655
2025-09-07T22:02:38.1453243-03:00 [SeekPickup] AgentA pos=(580.0126, 506.75613) dist=206,39658
2025-09-07T22:02:38.1610150-03:00 [Wander] AgentA pos=(586.45374, 505.03683) dist=456,83655
2025-09-07T22:02:38.1614226-03:00 [SeekPickup] AgentA pos=(580.0126, 506.75613) dist=206,39658
2025-09-07T22:02:38.1780040-03:00 [Wander] AgentA pos=(586.45374, 505.03683) dist=456,83655
2025-09-07T22:02:38.1784688-03:00 [SeekPickup] AgentA pos=(580.0126, 506.75613) dist=206,39658
2025-09-07T22:02:38.1951551-03:00 [Wander] AgentA pos=(586.45374, 505.03683) dist=456,83655
2025-09-07T22:02:38.1957034-03:00 [SeekPickup] AgentA pos=(580.0126, 506.75613) dist=206,39658
2025-09-07T22:02:38.2110336-03:00 [Wander] AgentA pos=(586.45374, 505.03683) dist=456,83655
2025-09-07T22:02:38.2114162-03:00 [SeekPickup] AgentA pos=(580.0126, 506.75613) dist=206,39658
2025-09-07T22:02:38.2282933-03:00 [Wander] AgentA pos=(586.45374, 505.03683) dist=456,83655
2025-09-07T22:02:38.2288637-03:00 [SeekPickup] AgentA pos=(580.0126, 506.75613) dist=206,39658
2025-09-07T22:02:38.2450336-03:00 [Wander] AgentA pos=(586.45374, 505.03683) dist=456,83655
2025-09-07T22:02:38.2454917-03:00 [SeekPickup] AgentA pos=(580.0126, 506.75613) dist=206,39658
2025-09-07T22:02:38.2613200-03:00 [Wander] AgentA pos=(586.45374, 505.03683) dist=456,83655
2025-09-07T22:02:38.2618419-03:00 [SeekPickup] AgentA pos=(580.0126, 506.75613) dist=206,39658
2025-09-07T22:02:38.2782163-03:00 [Wander] AgentA pos=(586.45374, 505.03683) dist=456,83655
2025-09-07T22:02:38.2787944-03:00 [SeekPickup] AgentA pos=(580.0126, 506.75613) dist=206,39658
2025-09-07T22:02:38.2948209-03:00 [Wander] AgentA pos=(586.45374, 505.03683) dist=456,83655
2025-09-07T22:02:38.2953897-03:00 [SeekPickup] AgentA pos=(580.0126, 506.75613) dist=206,39658
2025-09-07T22:02:38.3111856-03:00 [Wander] AgentA pos=(586.45374, 505.03683) dist=456,83655
2025-09-07T22:02:38.3116373-03:00 [SeekPickup] AgentA pos=(580.0126, 506.75613) dist=206,39658
2025-09-07T22:02:38.3279635-03:00 [Wander] AgentA pos=(586.45374, 505.03683) dist=456,83655
2025-09-07T22:02:38.3285101-03:00 [SeekPickup] AgentA pos=(580.0126, 506.75613) dist=206,39658
2025-09-07T22:02:38.3448967-03:00 [Wander] AgentA pos=(586.45374, 505.03683) dist=456,83655
2025-09-07T22:02:38.3453344-03:00 [SeekPickup] AgentA pos=(580.0126, 506.75613) dist=206,39658
2025-09-07T22:02:38.3615825-03:00 [Wander] AgentA pos=(586.45374, 505.03683) dist=456,83655
2025-09-07T22:02:38.3620253-03:00 [SeekPickup] AgentA pos=(580.0126, 506.75613) dist=206,39658
2025-09-07T22:02:38.3779724-03:00 [Wander] AgentA pos=(586.45374, 505.03683) dist=456,83655
2025-09-07T22:02:38.3783959-03:00 [SeekPickup] AgentA pos=(580.0126, 506.75613) dist=206,39658
2025-09-07T22:02:38.3951119-03:00 [Wander] AgentA pos=(586.45374, 505.03683) dist=456,83655
2025-09-07T22:02:38.3957328-03:00 [SeekPickup] AgentA pos=(580.0126, 506.75613) dist=206,39658
2025-09-07T22:02:38.4116316-03:00 [Wander] AgentA pos=(586.45374, 505.03683) dist=456,83655
2025-09-07T22:02:38.4121662-03:00 [SeekPickup] AgentA pos=(580.0126, 506.75613) dist=206,39658
2025-09-07T22:02:38.4280239-03:00 [Wander] AgentA pos=(586.45374, 505.03683) dist=456,83655
2025-09-07T22:02:38.4285636-03:00 [SeekPickup] AgentA pos=(580.0126, 506.75613) dist=206,39658
2025-09-07T22:02:38.4450415-03:00 [Wander] AgentA pos=(586.45374, 505.03683) dist=456,83655
2025-09-07T22:02:38.4454359-03:00 [SeekPickup] AgentA pos=(580.0126, 506.75613) dist=206,39658
2025-09-07T22:02:38.4477275-03:00 [GameController] Spawned pickup (special=False) at (1219.5558, 524.92505)
2025-09-07T22:02:38.4482781-03:00 [GameController] Spawned pickup (special=False) at (732.51306, 499.72675)
2025-09-07T22:02:38.4613914-03:00 [Wander] AgentA pos=(586.45374, 505.03683) dist=456,83655
2025-09-07T22:02:38.4618552-03:00 [SeekPickup] AgentA pos=(580.0126, 506.75613) dist=206,39658
2025-09-07T22:02:38.4782302-03:00 [Wander] AgentA pos=(586.45374, 505.03683) dist=456,83655
2025-09-07T22:02:38.4787034-03:00 [SeekPickup] AgentA pos=(580.0126, 506.75613) dist=206,39658
2025-09-07T22:02:38.4950439-03:00 [Wander] AgentA pos=(586.45374, 505.03683) dist=456,83655
2025-09-07T22:02:38.4956281-03:00 [SeekPickup] AgentA pos=(580.0126, 506.75613) dist=206,39658
2025-09-07T22:02:38.5114800-03:00 [Wander] AgentA pos=(586.45374, 505.03683) dist=456,83655
2025-09-07T22:02:38.5121338-03:00 [SeekPickup] AgentA pos=(580.0126, 506.75613) dist=206,39658
2025-09-07T22:02:38.5283244-03:00 [Wander] AgentA pos=(586.45374, 505.03683) dist=456,83655
2025-09-07T22:02:38.5287587-03:00 [SeekPickup] AgentA pos=(580.0126, 506.75613) dist=206,39658
2025-09-07T22:02:38.5450977-03:00 [Wander] AgentA pos=(586.45374, 505.03683) dist=456,83655
2025-09-07T22:02:38.5456317-03:00 [SeekPickup] AgentA pos=(580.0126, 506.75613) dist=206,39658
2025-09-07T22:02:38.5619441-03:00 [Wander] AgentA pos=(586.45374, 505.03683) dist=456,83655
2025-09-07T22:02:38.5623435-03:00 [SeekPickup] AgentA pos=(580.0126, 506.75613) dist=206,39658
2025-09-07T22:02:38.5780913-03:00 [Wander] AgentA pos=(586.45374, 505.03683) dist=456,83655
2025-09-07T22:02:38.5785231-03:00 [SeekPickup] AgentA pos=(580.0126, 506.75613) dist=206,39658
2025-09-07T22:02:38.5952561-03:00 [Wander] AgentA pos=(586.45374, 505.03683) dist=456,83655
2025-09-07T22:02:38.5957244-03:00 [SeekPickup] AgentA pos=(580.0126, 506.75613) dist=206,39658
2025-09-07T22:02:38.6114377-03:00 [Wander] AgentA pos=(586.45374, 505.03683) dist=456,83655
2025-09-07T22:02:38.6119582-03:00 [SeekPickup] AgentA pos=(580.0126, 506.75613) dist=206,39658
2025-09-07T22:02:38.6296804-03:00 [Wander] AgentA pos=(586.45374, 505.03683) dist=456,83655
2025-09-07T22:02:38.6302406-03:00 [SeekPickup] AgentA pos=(580.0126, 506.75613) dist=206,39658
2025-09-07T22:02:38.6456570-03:00 [Wander] AgentA pos=(586.45374, 505.03683) dist=456,83655
2025-09-07T22:02:38.6461575-03:00 [SeekPickup] AgentA pos=(580.0126, 506.75613) dist=206,39658
2025-09-07T22:02:38.6618822-03:00 [Wander] AgentA pos=(586.45374, 505.03683) dist=456,83655
2025-09-07T22:02:38.6624139-03:00 [SeekPickup] AgentA pos=(580.0126, 506.75613) dist=206,39658
2025-09-07T22:02:38.6787454-03:00 [Wander] AgentA pos=(586.45374, 505.03683) dist=456,83655
2025-09-07T22:02:38.6793708-03:00 [SeekPickup] AgentA pos=(580.0126, 506.75613) dist=206,39658
2025-09-07T22:02:38.6951587-03:00 [Wander] AgentA pos=(586.45374, 505.03683) dist=456,83655
2025-09-07T22:02:38.6955829-03:00 [SeekPickup] AgentA pos=(580.0126, 506.75613) dist=206,39658
2025-09-07T22:02:38.7116460-03:00 [Wander] AgentA pos=(586.45374, 505.03683) dist=456,83655
2025-09-07T22:02:38.7121411-03:00 [SeekPickup] AgentA pos=(580.0126, 506.75613) dist=206,39658
2025-09-07T22:02:38.7285977-03:00 [Wander] AgentA pos=(586.45374, 505.03683) dist=456,83655
2025-09-07T22:02:38.7291279-03:00 [SeekPickup] AgentA pos=(580.0126, 506.75613) dist=206,39658
2025-09-07T22:02:38.7452147-03:00 [Wander] AgentA pos=(586.45374, 505.03683) dist=456,83655
2025-09-07T22:02:38.7456497-03:00 [SeekPickup] AgentA pos=(580.0126, 506.75613) dist=206,39658
2025-09-07T22:02:38.7620440-03:00 [Wander] AgentA pos=(586.45374, 505.03683) dist=456,83655
2025-09-07T22:02:38.7626685-03:00 [SeekPickup] AgentA pos=(580.0126, 506.75613) dist=206,39658
2025-09-07T22:02:38.7783104-03:00 [Wander] AgentA pos=(586.45374, 505.03683) dist=456,83655
2025-09-07T22:02:38.7788042-03:00 [SeekPickup] AgentA pos=(580.0126, 506.75613) dist=206,39658
2025-09-07T22:02:38.7954486-03:00 [Wander] AgentA pos=(586.45374, 505.03683) dist=456,83655
2025-09-07T22:02:38.7960194-03:00 [SeekPickup] AgentA pos=(580.0126, 506.75613) dist=206,39658
2025-09-07T22:02:38.8117568-03:00 [Wander] AgentA pos=(586.45374, 505.03683) dist=456,83655
2025-09-07T22:02:38.8121418-03:00 [SeekPickup] AgentA pos=(580.0126, 506.75613) dist=206,39658
2025-09-07T22:02:38.8285060-03:00 [Wander] AgentA pos=(586.45374, 505.03683) dist=456,83655
2025-09-07T22:02:38.8289929-03:00 [SeekPickup] AgentA pos=(580.0126, 506.75613) dist=206,39658
2025-09-07T22:02:38.8453143-03:00 [Wander] AgentA pos=(586.45374, 505.03683) dist=456,83655
2025-09-07T22:02:38.8457461-03:00 [SeekPickup] AgentA pos=(580.0126, 506.75613) dist=206,39658
2025-09-07T22:02:38.8623551-03:00 [Wander] AgentA pos=(586.45374, 505.03683) dist=456,83655
2025-09-07T22:02:38.8629303-03:00 [SeekPickup] AgentA pos=(580.0126, 506.75613) dist=206,39658
2025-09-07T22:02:38.8784645-03:00 [Wander] AgentA pos=(586.45374, 505.03683) dist=456,83655
2025-09-07T22:02:38.8788679-03:00 [SeekPickup] AgentA pos=(580.0126, 506.75613) dist=206,39658
2025-09-07T22:02:38.8955185-03:00 [Wander] AgentA pos=(586.45374, 505.03683) dist=456,83655
2025-09-07T22:02:38.8961115-03:00 [SeekPickup] AgentA pos=(580.0126, 506.75613) dist=206,39658
2025-09-07T22:02:38.9123315-03:00 [Wander] AgentA pos=(586.45374, 505.03683) dist=456,83655
2025-09-07T22:02:38.9130542-03:00 [SeekPickup] AgentA pos=(580.0126, 506.75613) dist=206,39658
2025-09-07T22:02:38.9296975-03:00 [Wander] AgentA pos=(586.45374, 505.03683) dist=456,83655
2025-09-07T22:02:38.9301421-03:00 [SeekPickup] AgentA pos=(580.0126, 506.75613) dist=206,39658
2025-09-07T22:02:38.9619260-03:00 [Wander] AgentA pos=(586.45374, 505.03683) dist=456,83655
2025-09-07T22:02:38.9623612-03:00 [SeekPickup] AgentA pos=(580.0126, 506.75613) dist=206,39658
2025-09-07T22:02:38.9785321-03:00 [Wander] AgentA pos=(586.45374, 505.03683) dist=456,83655
2025-09-07T22:02:38.9790065-03:00 [SeekPickup] AgentA pos=(580.0126, 506.75613) dist=206,39658
2025-09-07T22:02:38.9947776-03:00 [Wander] AgentA pos=(586.45374, 505.03683) dist=456,83655
2025-09-07T22:02:38.9952015-03:00 [SeekPickup] AgentA pos=(580.0126, 506.75613) dist=206,39658
2025-09-07T22:02:39.0112321-03:00 [Wander] AgentA pos=(586.45374, 505.03683) dist=456,83655
2025-09-07T22:02:39.0116063-03:00 [SeekPickup] AgentA pos=(580.0126, 506.75613) dist=206,39658
2025-09-07T22:02:39.0280700-03:00 [Wander] AgentA pos=(586.45374, 505.03683) dist=456,83655
2025-09-07T22:02:39.0286039-03:00 [SeekPickup] AgentA pos=(580.0126, 506.75613) dist=206,39658
2025-09-07T22:02:39.0446447-03:00 [Wander] AgentA pos=(586.45374, 505.03683) dist=456,83655
2025-09-07T22:02:39.0450291-03:00 [SeekPickup] AgentA pos=(580.0126, 506.75613) dist=206,39658
2025-09-07T22:02:39.0613073-03:00 [Wander] AgentA pos=(586.45374, 505.03683) dist=456,83655
2025-09-07T22:02:39.0617797-03:00 [SeekPickup] AgentA pos=(580.0126, 506.75613) dist=206,39658
2025-09-07T22:02:39.0782829-03:00 [Wander] AgentA pos=(586.45374, 505.03683) dist=456,83655
2025-09-07T22:02:39.0787947-03:00 [SeekPickup] AgentA pos=(580.0126, 506.75613) dist=206,39658
